[wanxinp2p-discover-server][${env:SERVER_PORT}] 2022-05-20 19:00:00,132 INFO [Eureka-EvictionTimer][AbstractInstanceRegistry.java:1250] - Running the evict task with compensationTime 3ms
[wanxinp2p-discover-server][${env:SERVER_PORT}] 2022-05-20 19:00:10,136 INFO [Eureka-EvictionTimer][AbstractInstanceRegistry.java:1250] - Running the evict task with compensationTime 3ms
[wanxinp2p-discover-server][${env:SERVER_PORT}] 2022-05-20 19:00:20,140 INFO [Eureka-EvictionTimer][AbstractInstanceRegistry.java:1250] - Running the evict task with compensationTime 3ms
[wanxinp2p-discover-server][${env:SERVER_PORT}] 2022-05-20 19:00:30,145 INFO [Eureka-EvictionTimer][AbstractInstanceRegistry.java:1250] - Running the evict task with compensationTime 5ms
[wanxinp2p-discover-server][${env:SERVER_PORT}] 2022-05-20 19:00:40,151 INFO [Eureka-EvictionTimer][AbstractInstanceRegistry.java:1250] - Running the evict task with compensationTime 5ms
[wanxinp2p-discover-server][${env:SERVER_PORT}] 2022-05-20 19:00:50,154 INFO [Eureka-EvictionTimer][AbstractInstanceRegistry.java:1250] - Running the evict task with compensationTime 3ms
[wanxinp2p-discover-server][${env:SERVER_PORT}] 2022-05-20 19:01:00,159 INFO [Eureka-EvictionTimer][AbstractInstanceRegistry.java:1250] - Running the evict task with compensationTime 4ms
[wanxinp2p-discover-server][${env:SERVER_PORT}] 2022-05-20 19:01:10,163 INFO [Eureka-EvictionTimer][AbstractInstanceRegistry.java:1250] - Running the evict task with compensationTime 3ms
[wanxinp2p-discover-server][${env:SERVER_PORT}] 2022-05-20 19:01:20,166 INFO [Eureka-EvictionTimer][AbstractInstanceRegistry.java:1250] - Running the evict task with compensationTime 3ms
[wanxinp2p-discover-server][${env:SERVER_PORT}] 2022-05-20 19:01:30,170 INFO [Eureka-EvictionTimer][AbstractInstanceRegistry.java:1250] - Running the evict task with compensationTime 3ms
[wanxinp2p-discover-server][${env:SERVER_PORT}] 2022-05-20 19:01:40,174 INFO [Eureka-EvictionTimer][AbstractInstanceRegistry.java:1250] - Running the evict task with compensationTime 4ms
[wanxinp2p-discover-server][${env:SERVER_PORT}] 2022-05-20 19:01:50,178 INFO [Eureka-EvictionTimer][AbstractInstanceRegistry.java:1250] - Running the evict task with compensationTime 3ms
[wanxinp2p-discover-server][${env:SERVER_PORT}] 2022-05-20 19:01:51,873 INFO [http-nio-53000-exec-10][AbstractInstanceRegistry.java:266] - Registered instance ACCOUNT-SERVICE/account-service:10.30.44.208:53030 with status DOWN (replication=false)
[wanxinp2p-discover-server][${env:SERVER_PORT}] 2022-05-20 19:01:52,382 INFO [http-nio-53000-exec-8][AbstractInstanceRegistry.java:266] - Registered instance ACCOUNT-SERVICE/account-service:10.30.44.208:53030 with status DOWN (replication=true)
[wanxinp2p-discover-server][${env:SERVER_PORT}] 2022-05-20 19:01:56,008 INFO [http-nio-53000-exec-2][AbstractInstanceRegistry.java:330] - Cancelled instance ACCOUNT-SERVICE/account-service:10.30.44.208:53030 (replication=false)
[wanxinp2p-discover-server][${env:SERVER_PORT}] 2022-05-20 19:01:56,513 WARN [http-nio-53000-exec-7][AbstractInstanceRegistry.java:315] - DS: Registry: cancel failed because Lease is not registered for: ACCOUNT-SERVICE/account-service:10.30.44.208:53030
[wanxinp2p-discover-server][${env:SERVER_PORT}] 2022-05-20 19:01:56,513 INFO [http-nio-53000-exec-7][InstanceResource.java:288] - Not Found (Cancel): ACCOUNT-SERVICE - account-service:10.30.44.208:53030
[wanxinp2p-discover-server][${env:SERVER_PORT}] 2022-05-20 19:01:56,514 WARN [TaskBatchingWorker-target_localhost-11][ReplicationTask.java:35] - The replication of task ACCOUNT-SERVICE/account-service:10.30.44.208:53030:Cancel@localhost failed with response code 404
[wanxinp2p-discover-server][${env:SERVER_PORT}] 2022-05-20 19:01:56,515 WARN [TaskBatchingWorker-target_localhost-11][PeerEurekaNode.java:171] - ACCOUNT-SERVICE/account-service:10.30.44.208:53030:Cancel@localhost: missing entry.
[wanxinp2p-discover-server][${env:SERVER_PORT}] 2022-05-20 19:02:00,183 INFO [Eureka-EvictionTimer][AbstractInstanceRegistry.java:1250] - Running the evict task with compensationTime 4ms
[wanxinp2p-discover-server][${env:SERVER_PORT}] 2022-05-20 19:02:07,927 INFO [http-nio-53000-exec-9][AbstractInstanceRegistry.java:266] - Registered instance ACCOUNT-SERVICE/account-service:10.30.44.208:53030 with status UP (replication=false)
[wanxinp2p-discover-server][${env:SERVER_PORT}] 2022-05-20 19:02:08,441 INFO [http-nio-53000-exec-10][AbstractInstanceRegistry.java:266] - Registered instance ACCOUNT-SERVICE/account-service:10.30.44.208:53030 with status UP (replication=true)
[wanxinp2p-discover-server][${env:SERVER_PORT}] 2022-05-20 19:02:10,187 INFO [Eureka-EvictionTimer][AbstractInstanceRegistry.java:1250] - Running the evict task with compensationTime 4ms
[wanxinp2p-discover-server][${env:SERVER_PORT}] 2022-05-20 19:02:19,709 INFO [ReplicaAwareInstanceRegistry - RenewalThresholdUpdater][PeerAwareInstanceRegistryImpl.java:539] - Current renewal threshold is : 0
[wanxinp2p-discover-server][${env:SERVER_PORT}] 2022-05-20 19:02:20,191 INFO [Eureka-EvictionTimer][AbstractInstanceRegistry.java:1250] - Running the evict task with compensationTime 3ms
[wanxinp2p-discover-server][${env:SERVER_PORT}] 2022-05-20 19:02:30,195 INFO [Eureka-EvictionTimer][AbstractInstanceRegistry.java:1250] - Running the evict task with compensationTime 3ms
[wanxinp2p-discover-server][${env:SERVER_PORT}] 2022-05-20 19:02:40,199 INFO [Eureka-EvictionTimer][AbstractInstanceRegistry.java:1250] - Running the evict task with compensationTime 4ms
[wanxinp2p-discover-server][${env:SERVER_PORT}] 2022-05-20 19:02:50,202 INFO [Eureka-EvictionTimer][AbstractInstanceRegistry.java:1250] - Running the evict task with compensationTime 2ms
[wanxinp2p-discover-server][${env:SERVER_PORT}] 2022-05-20 19:03:00,205 INFO [Eureka-EvictionTimer][AbstractInstanceRegistry.java:1250] - Running the evict task with compensationTime 2ms
[wanxinp2p-discover-server][${env:SERVER_PORT}] 2022-05-20 19:03:10,210 INFO [Eureka-EvictionTimer][AbstractInstanceRegistry.java:1250] - Running the evict task with compensationTime 4ms
[wanxinp2p-discover-server][${env:SERVER_PORT}] 2022-05-20 19:03:20,213 INFO [Eureka-EvictionTimer][AbstractInstanceRegistry.java:1250] - Running the evict task with compensationTime 3ms
[wanxinp2p-discover-server][${env:SERVER_PORT}] 2022-05-20 19:03:30,217 INFO [Eureka-EvictionTimer][AbstractInstanceRegistry.java:1250] - Running the evict task with compensationTime 4ms
[wanxinp2p-discover-server][${env:SERVER_PORT}] 2022-05-20 19:03:40,221 INFO [Eureka-EvictionTimer][AbstractInstanceRegistry.java:1250] - Running the evict task with compensationTime 3ms
[wanxinp2p-discover-server][${env:SERVER_PORT}] 2022-05-20 19:03:50,225 INFO [Eureka-EvictionTimer][AbstractInstanceRegistry.java:1250] - Running the evict task with compensationTime 4ms
[wanxinp2p-discover-server][${env:SERVER_PORT}] 2022-05-20 19:04:00,229 INFO [Eureka-EvictionTimer][AbstractInstanceRegistry.java:1250] - Running the evict task with compensationTime 3ms
[wanxinp2p-discover-server][${env:SERVER_PORT}] 2022-05-20 19:04:10,232 INFO [Eureka-EvictionTimer][AbstractInstanceRegistry.java:1250] - Running the evict task with compensationTime 3ms
[wanxinp2p-discover-server][${env:SERVER_PORT}] 2022-05-20 19:04:20,237 INFO [Eureka-EvictionTimer][AbstractInstanceRegistry.java:1250] - Running the evict task with compensationTime 5ms
[wanxinp2p-discover-server][${env:SERVER_PORT}] 2022-05-20 19:04:30,240 INFO [Eureka-EvictionTimer][AbstractInstanceRegistry.java:1250] - Running the evict task with compensationTime 2ms
[wanxinp2p-discover-server][${env:SERVER_PORT}] 2022-05-20 19:04:40,245 INFO [Eureka-EvictionTimer][AbstractInstanceRegistry.java:1250] - Running the evict task with compensationTime 4ms
[wanxinp2p-discover-server][${env:SERVER_PORT}] 2022-05-20 19:04:50,249 INFO [Eureka-EvictionTimer][AbstractInstanceRegistry.java:1250] - Running the evict task with compensationTime 4ms
[wanxinp2p-discover-server][${env:SERVER_PORT}] 2022-05-20 19:05:00,252 INFO [Eureka-EvictionTimer][AbstractInstanceRegistry.java:1250] - Running the evict task with compensationTime 3ms
[wanxinp2p-discover-server][${env:SERVER_PORT}] 2022-05-20 19:05:10,257 INFO [Eureka-EvictionTimer][AbstractInstanceRegistry.java:1250] - Running the evict task with compensationTime 4ms
[wanxinp2p-discover-server][${env:SERVER_PORT}] 2022-05-20 19:05:20,261 INFO [Eureka-EvictionTimer][AbstractInstanceRegistry.java:1250] - Running the evict task with compensationTime 4ms
[wanxinp2p-discover-server][${env:SERVER_PORT}] 2022-05-20 19:05:30,264 INFO [Eureka-EvictionTimer][AbstractInstanceRegistry.java:1250] - Running the evict task with compensationTime 2ms
[wanxinp2p-discover-server][${env:SERVER_PORT}] 2022-05-20 19:05:40,269 INFO [Eureka-EvictionTimer][AbstractInstanceRegistry.java:1250] - Running the evict task with compensationTime 5ms
[wanxinp2p-discover-server][${env:SERVER_PORT}] 2022-05-20 19:05:50,274 INFO [Eureka-EvictionTimer][AbstractInstanceRegistry.java:1250] - Running the evict task with compensationTime 4ms
[wanxinp2p-discover-server][${env:SERVER_PORT}] 2022-05-20 19:06:00,277 INFO [Eureka-EvictionTimer][AbstractInstanceRegistry.java:1250] - Running the evict task with compensationTime 3ms
[wanxinp2p-discover-server][${env:SERVER_PORT}] 2022-05-20 19:06:10,280 INFO [Eureka-EvictionTimer][AbstractInstanceRegistry.java:1250] - Running the evict task with compensationTime 3ms
[wanxinp2p-discover-server][${env:SERVER_PORT}] 2022-05-20 19:06:20,284 INFO [Eureka-EvictionTimer][AbstractInstanceRegistry.java:1250] - Running the evict task with compensationTime 3ms
[wanxinp2p-discover-server][${env:SERVER_PORT}] 2022-05-20 19:06:30,288 INFO [Eureka-EvictionTimer][AbstractInstanceRegistry.java:1250] - Running the evict task with compensationTime 4ms
[wanxinp2p-discover-server][${env:SERVER_PORT}] 2022-05-20 19:06:40,291 INFO [Eureka-EvictionTimer][AbstractInstanceRegistry.java:1250] - Running the evict task with compensationTime 3ms
[wanxinp2p-discover-server][${env:SERVER_PORT}] 2022-05-20 19:06:50,292 INFO [Eureka-EvictionTimer][AbstractInstanceRegistry.java:1250] - Running the evict task with compensationTime 0ms
[wanxinp2p-discover-server][${env:SERVER_PORT}] 2022-05-20 19:07:00,296 INFO [Eureka-EvictionTimer][AbstractInstanceRegistry.java:1250] - Running the evict task with compensationTime 4ms
[wanxinp2p-discover-server][${env:SERVER_PORT}] 2022-05-20 19:07:10,301 INFO [Eureka-EvictionTimer][AbstractInstanceRegistry.java:1250] - Running the evict task with compensationTime 4ms
[wanxinp2p-discover-server][${env:SERVER_PORT}] 2022-05-20 19:07:20,304 INFO [Eureka-EvictionTimer][AbstractInstanceRegistry.java:1250] - Running the evict task with compensationTime 3ms
[wanxinp2p-discover-server][${env:SERVER_PORT}] 2022-05-20 19:07:30,308 INFO [Eureka-EvictionTimer][AbstractInstanceRegistry.java:1250] - Running the evict task with compensationTime 3ms
[wanxinp2p-discover-server][${env:SERVER_PORT}] 2022-05-20 19:07:40,311 INFO [Eureka-EvictionTimer][AbstractInstanceRegistry.java:1250] - Running the evict task with compensationTime 2ms
[wanxinp2p-discover-server][${env:SERVER_PORT}] 2022-05-20 19:07:50,314 INFO [Eureka-EvictionTimer][AbstractInstanceRegistry.java:1250] - Running the evict task with compensationTime 3ms
[wanxinp2p-discover-server][${env:SERVER_PORT}] 2022-05-20 19:08:00,318 INFO [Eureka-EvictionTimer][AbstractInstanceRegistry.java:1250] - Running the evict task with compensationTime 4ms
[wanxinp2p-discover-server][${env:SERVER_PORT}] 2022-05-20 19:08:10,322 INFO [Eureka-EvictionTimer][AbstractInstanceRegistry.java:1250] - Running the evict task with compensationTime 3ms
[wanxinp2p-discover-server][${env:SERVER_PORT}] 2022-05-20 19:08:20,327 INFO [Eureka-EvictionTimer][AbstractInstanceRegistry.java:1250] - Running the evict task with compensationTime 5ms
[wanxinp2p-discover-server][${env:SERVER_PORT}] 2022-05-20 19:08:30,331 INFO [Eureka-EvictionTimer][AbstractInstanceRegistry.java:1250] - Running the evict task with compensationTime 3ms
[wanxinp2p-discover-server][${env:SERVER_PORT}] 2022-05-20 19:08:40,335 INFO [Eureka-EvictionTimer][AbstractInstanceRegistry.java:1250] - Running the evict task with compensationTime 4ms
[wanxinp2p-discover-server][${env:SERVER_PORT}] 2022-05-20 19:08:50,338 INFO [Eureka-EvictionTimer][AbstractInstanceRegistry.java:1250] - Running the evict task with compensationTime 2ms
[wanxinp2p-discover-server][${env:SERVER_PORT}] 2022-05-20 19:09:00,347 INFO [Eureka-EvictionTimer][AbstractInstanceRegistry.java:1250] - Running the evict task with compensationTime 8ms
[wanxinp2p-discover-server][${env:SERVER_PORT}] 2022-05-20 19:09:10,359 INFO [Eureka-EvictionTimer][AbstractInstanceRegistry.java:1250] - Running the evict task with compensationTime 9ms
[wanxinp2p-discover-server][${env:SERVER_PORT}] 2022-05-20 19:09:20,365 INFO [Eureka-EvictionTimer][AbstractInstanceRegistry.java:1250] - Running the evict task with compensationTime 9ms
[wanxinp2p-discover-server][${env:SERVER_PORT}] 2022-05-20 19:09:30,375 INFO [Eureka-EvictionTimer][AbstractInstanceRegistry.java:1250] - Running the evict task with compensationTime 9ms
[wanxinp2p-discover-server][${env:SERVER_PORT}] 2022-05-20 19:09:40,384 INFO [Eureka-EvictionTimer][AbstractInstanceRegistry.java:1250] - Running the evict task with compensationTime 9ms
[wanxinp2p-discover-server][${env:SERVER_PORT}] 2022-05-20 19:09:50,393 INFO [Eureka-EvictionTimer][AbstractInstanceRegistry.java:1250] - Running the evict task with compensationTime 8ms
[wanxinp2p-discover-server][${env:SERVER_PORT}] 2022-05-20 19:10:00,400 INFO [Eureka-EvictionTimer][AbstractInstanceRegistry.java:1250] - Running the evict task with compensationTime 7ms
[wanxinp2p-discover-server][${env:SERVER_PORT}] 2022-05-20 19:10:10,409 INFO [Eureka-EvictionTimer][AbstractInstanceRegistry.java:1250] - Running the evict task with compensationTime 8ms
[wanxinp2p-discover-server][${env:SERVER_PORT}] 2022-05-20 19:10:20,416 INFO [Eureka-EvictionTimer][AbstractInstanceRegistry.java:1250] - Running the evict task with compensationTime 6ms
[wanxinp2p-discover-server][${env:SERVER_PORT}] 2022-05-20 19:10:30,424 INFO [Eureka-EvictionTimer][AbstractInstanceRegistry.java:1250] - Running the evict task with compensationTime 7ms
[wanxinp2p-discover-server][${env:SERVER_PORT}] 2022-05-20 19:10:40,432 INFO [Eureka-EvictionTimer][AbstractInstanceRegistry.java:1250] - Running the evict task with compensationTime 7ms
[wanxinp2p-discover-server][${env:SERVER_PORT}] 2022-05-20 19:10:50,442 INFO [Eureka-EvictionTimer][AbstractInstanceRegistry.java:1250] - Running the evict task with compensationTime 10ms
[wanxinp2p-discover-server][${env:SERVER_PORT}] 2022-05-20 19:11:00,452 INFO [Eureka-EvictionTimer][AbstractInstanceRegistry.java:1250] - Running the evict task with compensationTime 10ms
[wanxinp2p-discover-server][${env:SERVER_PORT}] 2022-05-20 19:11:10,461 INFO [Eureka-EvictionTimer][AbstractInstanceRegistry.java:1250] - Running the evict task with compensationTime 8ms
[wanxinp2p-discover-server][${env:SERVER_PORT}] 2022-05-20 19:11:20,471 INFO [Eureka-EvictionTimer][AbstractInstanceRegistry.java:1250] - Running the evict task with compensationTime 10ms
[wanxinp2p-discover-server][${env:SERVER_PORT}] 2022-05-20 19:11:30,480 INFO [Eureka-EvictionTimer][AbstractInstanceRegistry.java:1250] - Running the evict task with compensationTime 8ms
[wanxinp2p-discover-server][${env:SERVER_PORT}] 2022-05-20 19:11:40,490 INFO [Eureka-EvictionTimer][AbstractInstanceRegistry.java:1250] - Running the evict task with compensationTime 9ms
[wanxinp2p-discover-server][${env:SERVER_PORT}] 2022-05-20 19:11:50,500 INFO [Eureka-EvictionTimer][AbstractInstanceRegistry.java:1250] - Running the evict task with compensationTime 10ms
[wanxinp2p-discover-server][${env:SERVER_PORT}] 2022-05-20 19:12:00,510 INFO [Eureka-EvictionTimer][AbstractInstanceRegistry.java:1250] - Running the evict task with compensationTime 9ms
[wanxinp2p-discover-server][${env:SERVER_PORT}] 2022-05-20 19:12:10,519 INFO [Eureka-EvictionTimer][AbstractInstanceRegistry.java:1250] - Running the evict task with compensationTime 9ms
[wanxinp2p-discover-server][${env:SERVER_PORT}] 2022-05-20 19:12:20,529 INFO [Eureka-EvictionTimer][AbstractInstanceRegistry.java:1250] - Running the evict task with compensationTime 9ms
[wanxinp2p-discover-server][${env:SERVER_PORT}] 2022-05-20 19:12:30,535 INFO [Eureka-EvictionTimer][AbstractInstanceRegistry.java:1250] - Running the evict task with compensationTime 6ms
[wanxinp2p-discover-server][${env:SERVER_PORT}] 2022-05-20 19:12:40,543 INFO [Eureka-EvictionTimer][AbstractInstanceRegistry.java:1250] - Running the evict task with compensationTime 7ms
[wanxinp2p-discover-server][${env:SERVER_PORT}] 2022-05-20 19:12:50,552 INFO [Eureka-EvictionTimer][AbstractInstanceRegistry.java:1250] - Running the evict task with compensationTime 8ms
[wanxinp2p-discover-server][${env:SERVER_PORT}] 2022-05-20 19:13:00,561 INFO [Eureka-EvictionTimer][AbstractInstanceRegistry.java:1250] - Running the evict task with compensationTime 9ms
[wanxinp2p-discover-server][${env:SERVER_PORT}] 2022-05-20 19:13:10,570 INFO [Eureka-EvictionTimer][AbstractInstanceRegistry.java:1250] - Running the evict task with compensationTime 9ms
[wanxinp2p-discover-server][${env:SERVER_PORT}] 2022-05-20 19:13:20,579 INFO [Eureka-EvictionTimer][AbstractInstanceRegistry.java:1250] - Running the evict task with compensationTime 9ms
[wanxinp2p-discover-server][${env:SERVER_PORT}] 2022-05-20 19:13:30,588 INFO [Eureka-EvictionTimer][AbstractInstanceRegistry.java:1250] - Running the evict task with compensationTime 8ms
[wanxinp2p-discover-server][${env:SERVER_PORT}] 2022-05-20 19:13:40,596 INFO [Eureka-EvictionTimer][AbstractInstanceRegistry.java:1250] - Running the evict task with compensationTime 8ms
[wanxinp2p-discover-server][${env:SERVER_PORT}] 2022-05-20 19:13:50,604 INFO [Eureka-EvictionTimer][AbstractInstanceRegistry.java:1250] - Running the evict task with compensationTime 7ms
[wanxinp2p-discover-server][${env:SERVER_PORT}] 2022-05-20 19:14:00,611 INFO [Eureka-EvictionTimer][AbstractInstanceRegistry.java:1250] - Running the evict task with compensationTime 7ms
[wanxinp2p-discover-server][${env:SERVER_PORT}] 2022-05-20 19:14:10,620 INFO [Eureka-EvictionTimer][AbstractInstanceRegistry.java:1250] - Running the evict task with compensationTime 8ms
[wanxinp2p-discover-server][${env:SERVER_PORT}] 2022-05-20 19:14:20,629 INFO [Eureka-EvictionTimer][AbstractInstanceRegistry.java:1250] - Running the evict task with compensationTime 9ms
[wanxinp2p-discover-server][${env:SERVER_PORT}] 2022-05-20 19:14:30,638 INFO [Eureka-EvictionTimer][AbstractInstanceRegistry.java:1250] - Running the evict task with compensationTime 9ms
[wanxinp2p-discover-server][${env:SERVER_PORT}] 2022-05-20 19:14:40,647 INFO [Eureka-EvictionTimer][AbstractInstanceRegistry.java:1250] - Running the evict task with compensationTime 8ms
[wanxinp2p-discover-server][${env:SERVER_PORT}] 2022-05-20 19:14:50,656 INFO [Eureka-EvictionTimer][AbstractInstanceRegistry.java:1250] - Running the evict task with compensationTime 8ms
[wanxinp2p-discover-server][${env:SERVER_PORT}] 2022-05-20 19:15:00,665 INFO [Eureka-EvictionTimer][AbstractInstanceRegistry.java:1250] - Running the evict task with compensationTime 8ms
[wanxinp2p-discover-server][${env:SERVER_PORT}] 2022-05-20 19:15:10,672 INFO [Eureka-EvictionTimer][AbstractInstanceRegistry.java:1250] - Running the evict task with compensationTime 7ms
[wanxinp2p-discover-server][${env:SERVER_PORT}] 2022-05-20 19:15:20,681 INFO [Eureka-EvictionTimer][AbstractInstanceRegistry.java:1250] - Running the evict task with compensationTime 8ms
[wanxinp2p-discover-server][${env:SERVER_PORT}] 2022-05-20 19:15:30,689 INFO [Eureka-EvictionTimer][AbstractInstanceRegistry.java:1250] - Running the evict task with compensationTime 8ms
[wanxinp2p-discover-server][${env:SERVER_PORT}] 2022-05-20 19:15:40,697 INFO [Eureka-EvictionTimer][AbstractInstanceRegistry.java:1250] - Running the evict task with compensationTime 7ms
[wanxinp2p-discover-server][${env:SERVER_PORT}] 2022-05-20 19:15:50,707 INFO [Eureka-EvictionTimer][AbstractInstanceRegistry.java:1250] - Running the evict task with compensationTime 10ms
[wanxinp2p-discover-server][${env:SERVER_PORT}] 2022-05-20 19:16:00,716 INFO [Eureka-EvictionTimer][AbstractInstanceRegistry.java:1250] - Running the evict task with compensationTime 9ms
[wanxinp2p-discover-server][${env:SERVER_PORT}] 2022-05-20 19:16:10,725 INFO [Eureka-EvictionTimer][AbstractInstanceRegistry.java:1250] - Running the evict task with compensationTime 8ms
[wanxinp2p-discover-server][${env:SERVER_PORT}] 2022-05-20 19:16:20,733 INFO [Eureka-EvictionTimer][AbstractInstanceRegistry.java:1250] - Running the evict task with compensationTime 8ms
[wanxinp2p-discover-server][${env:SERVER_PORT}] 2022-05-20 19:16:30,743 INFO [Eureka-EvictionTimer][AbstractInstanceRegistry.java:1250] - Running the evict task with compensationTime 9ms
[wanxinp2p-discover-server][${env:SERVER_PORT}] 2022-05-20 19:16:40,753 INFO [Eureka-EvictionTimer][AbstractInstanceRegistry.java:1250] - Running the evict task with compensationTime 9ms
[wanxinp2p-discover-server][${env:SERVER_PORT}] 2022-05-20 19:16:50,762 INFO [Eureka-EvictionTimer][AbstractInstanceRegistry.java:1250] - Running the evict task with compensationTime 9ms
[wanxinp2p-discover-server][${env:SERVER_PORT}] 2022-05-20 19:17:00,770 INFO [Eureka-EvictionTimer][AbstractInstanceRegistry.java:1250] - Running the evict task with compensationTime 8ms
[wanxinp2p-discover-server][${env:SERVER_PORT}] 2022-05-20 19:17:10,780 INFO [Eureka-EvictionTimer][AbstractInstanceRegistry.java:1250] - Running the evict task with compensationTime 9ms
[wanxinp2p-discover-server][${env:SERVER_PORT}] 2022-05-20 19:17:19,717 INFO [ReplicaAwareInstanceRegistry - RenewalThresholdUpdater][PeerAwareInstanceRegistryImpl.java:539] - Current renewal threshold is : 0
[wanxinp2p-discover-server][${env:SERVER_PORT}] 2022-05-20 19:17:20,789 INFO [Eureka-EvictionTimer][AbstractInstanceRegistry.java:1250] - Running the evict task with compensationTime 9ms
[wanxinp2p-discover-server][${env:SERVER_PORT}] 2022-05-20 19:17:30,796 INFO [Eureka-EvictionTimer][AbstractInstanceRegistry.java:1250] - Running the evict task with compensationTime 6ms
[wanxinp2p-discover-server][${env:SERVER_PORT}] 2022-05-20 19:17:40,804 INFO [Eureka-EvictionTimer][AbstractInstanceRegistry.java:1250] - Running the evict task with compensationTime 7ms
[wanxinp2p-discover-server][${env:SERVER_PORT}] 2022-05-20 19:17:50,813 INFO [Eureka-EvictionTimer][AbstractInstanceRegistry.java:1250] - Running the evict task with compensationTime 9ms
[wanxinp2p-discover-server][${env:SERVER_PORT}] 2022-05-20 19:18:00,823 INFO [Eureka-EvictionTimer][AbstractInstanceRegistry.java:1250] - Running the evict task with compensationTime 9ms
[wanxinp2p-discover-server][${env:SERVER_PORT}] 2022-05-20 19:18:10,832 INFO [Eureka-EvictionTimer][AbstractInstanceRegistry.java:1250] - Running the evict task with compensationTime 9ms
[wanxinp2p-discover-server][${env:SERVER_PORT}] 2022-05-20 19:18:20,840 INFO [Eureka-EvictionTimer][AbstractInstanceRegistry.java:1250] - Running the evict task with compensationTime 7ms
[wanxinp2p-discover-server][${env:SERVER_PORT}] 2022-05-20 19:18:30,849 INFO [Eureka-EvictionTimer][AbstractInstanceRegistry.java:1250] - Running the evict task with compensationTime 8ms
[wanxinp2p-discover-server][${env:SERVER_PORT}] 2022-05-20 19:18:40,851 INFO [Eureka-EvictionTimer][AbstractInstanceRegistry.java:1250] - Running the evict task with compensationTime 1ms
[wanxinp2p-discover-server][${env:SERVER_PORT}] 2022-05-20 19:18:50,852 INFO [Eureka-EvictionTimer][AbstractInstanceRegistry.java:1250] - Running the evict task with compensationTime 1ms
[wanxinp2p-discover-server][${env:SERVER_PORT}] 2022-05-20 19:19:00,854 INFO [Eureka-EvictionTimer][AbstractInstanceRegistry.java:1250] - Running the evict task with compensationTime 2ms
[wanxinp2p-discover-server][${env:SERVER_PORT}] 2022-05-20 19:19:10,856 INFO [Eureka-EvictionTimer][AbstractInstanceRegistry.java:1250] - Running the evict task with compensationTime 1ms
[wanxinp2p-discover-server][${env:SERVER_PORT}] 2022-05-20 19:19:20,866 INFO [Eureka-EvictionTimer][AbstractInstanceRegistry.java:1250] - Running the evict task with compensationTime 9ms
[wanxinp2p-discover-server][${env:SERVER_PORT}] 2022-05-20 19:19:30,874 INFO [Eureka-EvictionTimer][AbstractInstanceRegistry.java:1250] - Running the evict task with compensationTime 8ms
[wanxinp2p-discover-server][${env:SERVER_PORT}] 2022-05-20 19:19:40,883 INFO [Eureka-EvictionTimer][AbstractInstanceRegistry.java:1250] - Running the evict task with compensationTime 8ms
[wanxinp2p-discover-server][${env:SERVER_PORT}] 2022-05-20 19:19:50,893 INFO [Eureka-EvictionTimer][AbstractInstanceRegistry.java:1250] - Running the evict task with compensationTime 9ms
[wanxinp2p-discover-server][${env:SERVER_PORT}] 2022-05-20 19:20:00,901 INFO [Eureka-EvictionTimer][AbstractInstanceRegistry.java:1250] - Running the evict task with compensationTime 8ms
[wanxinp2p-discover-server][${env:SERVER_PORT}] 2022-05-20 19:20:10,903 INFO [Eureka-EvictionTimer][AbstractInstanceRegistry.java:1250] - Running the evict task with compensationTime 2ms
[wanxinp2p-discover-server][${env:SERVER_PORT}] 2022-05-20 19:20:20,910 INFO [Eureka-EvictionTimer][AbstractInstanceRegistry.java:1250] - Running the evict task with compensationTime 6ms
[wanxinp2p-discover-server][${env:SERVER_PORT}] 2022-05-20 19:20:30,920 INFO [Eureka-EvictionTimer][AbstractInstanceRegistry.java:1250] - Running the evict task with compensationTime 9ms
[wanxinp2p-discover-server][${env:SERVER_PORT}] 2022-05-20 19:20:40,929 INFO [Eureka-EvictionTimer][AbstractInstanceRegistry.java:1250] - Running the evict task with compensationTime 9ms
[wanxinp2p-discover-server][${env:SERVER_PORT}] 2022-05-20 19:20:50,938 INFO [Eureka-EvictionTimer][AbstractInstanceRegistry.java:1250] - Running the evict task with compensationTime 8ms
[wanxinp2p-discover-server][${env:SERVER_PORT}] 2022-05-20 19:21:00,948 INFO [Eureka-EvictionTimer][AbstractInstanceRegistry.java:1250] - Running the evict task with compensationTime 9ms
[wanxinp2p-discover-server][${env:SERVER_PORT}] 2022-05-20 19:21:10,955 INFO [Eureka-EvictionTimer][AbstractInstanceRegistry.java:1250] - Running the evict task with compensationTime 6ms
[wanxinp2p-discover-server][${env:SERVER_PORT}] 2022-05-20 19:21:20,964 INFO [Eureka-EvictionTimer][AbstractInstanceRegistry.java:1250] - Running the evict task with compensationTime 8ms
[wanxinp2p-discover-server][${env:SERVER_PORT}] 2022-05-20 19:21:30,973 INFO [Eureka-EvictionTimer][AbstractInstanceRegistry.java:1250] - Running the evict task with compensationTime 9ms
[wanxinp2p-discover-server][${env:SERVER_PORT}] 2022-05-20 19:21:40,981 INFO [Eureka-EvictionTimer][AbstractInstanceRegistry.java:1250] - Running the evict task with compensationTime 7ms
[wanxinp2p-discover-server][${env:SERVER_PORT}] 2022-05-20 19:21:50,991 INFO [Eureka-EvictionTimer][AbstractInstanceRegistry.java:1250] - Running the evict task with compensationTime 9ms
[wanxinp2p-discover-server][${env:SERVER_PORT}] 2022-05-20 19:22:01,000 INFO [Eureka-EvictionTimer][AbstractInstanceRegistry.java:1250] - Running the evict task with compensationTime 9ms
[wanxinp2p-discover-server][${env:SERVER_PORT}] 2022-05-20 19:22:11,008 INFO [Eureka-EvictionTimer][AbstractInstanceRegistry.java:1250] - Running the evict task with compensationTime 7ms
[wanxinp2p-discover-server][${env:SERVER_PORT}] 2022-05-20 19:22:21,013 INFO [Eureka-EvictionTimer][AbstractInstanceRegistry.java:1250] - Running the evict task with compensationTime 5ms
[wanxinp2p-discover-server][${env:SERVER_PORT}] 2022-05-20 19:22:31,023 INFO [Eureka-EvictionTimer][AbstractInstanceRegistry.java:1250] - Running the evict task with compensationTime 10ms
[wanxinp2p-discover-server][${env:SERVER_PORT}] 2022-05-20 19:22:41,031 INFO [Eureka-EvictionTimer][AbstractInstanceRegistry.java:1250] - Running the evict task with compensationTime 7ms
[wanxinp2p-discover-server][${env:SERVER_PORT}] 2022-05-20 19:22:51,041 INFO [Eureka-EvictionTimer][AbstractInstanceRegistry.java:1250] - Running the evict task with compensationTime 9ms
[wanxinp2p-discover-server][${env:SERVER_PORT}] 2022-05-20 19:23:01,050 INFO [Eureka-EvictionTimer][AbstractInstanceRegistry.java:1250] - Running the evict task with compensationTime 9ms
[wanxinp2p-discover-server][${env:SERVER_PORT}] 2022-05-20 19:23:11,060 INFO [Eureka-EvictionTimer][AbstractInstanceRegistry.java:1250] - Running the evict task with compensationTime 9ms
[wanxinp2p-discover-server][${env:SERVER_PORT}] 2022-05-20 19:23:21,069 INFO [Eureka-EvictionTimer][AbstractInstanceRegistry.java:1250] - Running the evict task with compensationTime 8ms
[wanxinp2p-discover-server][${env:SERVER_PORT}] 2022-05-20 19:23:31,076 INFO [Eureka-EvictionTimer][AbstractInstanceRegistry.java:1250] - Running the evict task with compensationTime 7ms
[wanxinp2p-discover-server][${env:SERVER_PORT}] 2022-05-20 19:23:41,084 INFO [Eureka-EvictionTimer][AbstractInstanceRegistry.java:1250] - Running the evict task with compensationTime 7ms
[wanxinp2p-discover-server][${env:SERVER_PORT}] 2022-05-20 19:23:51,092 INFO [Eureka-EvictionTimer][AbstractInstanceRegistry.java:1250] - Running the evict task with compensationTime 8ms
[wanxinp2p-discover-server][${env:SERVER_PORT}] 2022-05-20 19:24:01,101 INFO [Eureka-EvictionTimer][AbstractInstanceRegistry.java:1250] - Running the evict task with compensationTime 8ms
[wanxinp2p-discover-server][${env:SERVER_PORT}] 2022-05-20 19:24:11,111 INFO [Eureka-EvictionTimer][AbstractInstanceRegistry.java:1250] - Running the evict task with compensationTime 9ms
[wanxinp2p-discover-server][${env:SERVER_PORT}] 2022-05-20 19:24:21,121 INFO [Eureka-EvictionTimer][AbstractInstanceRegistry.java:1250] - Running the evict task with compensationTime 10ms
[wanxinp2p-discover-server][${env:SERVER_PORT}] 2022-05-20 19:24:31,130 INFO [Eureka-EvictionTimer][AbstractInstanceRegistry.java:1250] - Running the evict task with compensationTime 8ms
[wanxinp2p-discover-server][${env:SERVER_PORT}] 2022-05-20 19:24:41,137 INFO [Eureka-EvictionTimer][AbstractInstanceRegistry.java:1250] - Running the evict task with compensationTime 6ms
[wanxinp2p-discover-server][${env:SERVER_PORT}] 2022-05-20 19:24:51,147 INFO [Eureka-EvictionTimer][AbstractInstanceRegistry.java:1250] - Running the evict task with compensationTime 10ms
[wanxinp2p-discover-server][${env:SERVER_PORT}] 2022-05-20 19:25:01,156 INFO [Eureka-EvictionTimer][AbstractInstanceRegistry.java:1250] - Running the evict task with compensationTime 9ms
[wanxinp2p-discover-server][${env:SERVER_PORT}] 2022-05-20 19:25:11,165 INFO [Eureka-EvictionTimer][AbstractInstanceRegistry.java:1250] - Running the evict task with compensationTime 9ms
[wanxinp2p-discover-server][${env:SERVER_PORT}] 2022-05-20 19:25:21,174 INFO [Eureka-EvictionTimer][AbstractInstanceRegistry.java:1250] - Running the evict task with compensationTime 9ms
[wanxinp2p-discover-server][${env:SERVER_PORT}] 2022-05-20 19:25:31,182 INFO [Eureka-EvictionTimer][AbstractInstanceRegistry.java:1250] - Running the evict task with compensationTime 7ms
[wanxinp2p-discover-server][${env:SERVER_PORT}] 2022-05-20 19:25:41,190 INFO [Eureka-EvictionTimer][AbstractInstanceRegistry.java:1250] - Running the evict task with compensationTime 7ms
[wanxinp2p-discover-server][${env:SERVER_PORT}] 2022-05-20 19:25:51,199 INFO [Eureka-EvictionTimer][AbstractInstanceRegistry.java:1250] - Running the evict task with compensationTime 9ms
[wanxinp2p-discover-server][${env:SERVER_PORT}] 2022-05-20 19:26:01,208 INFO [Eureka-EvictionTimer][AbstractInstanceRegistry.java:1250] - Running the evict task with compensationTime 9ms
[wanxinp2p-discover-server][${env:SERVER_PORT}] 2022-05-20 19:26:11,216 INFO [Eureka-EvictionTimer][AbstractInstanceRegistry.java:1250] - Running the evict task with compensationTime 7ms
[wanxinp2p-discover-server][${env:SERVER_PORT}] 2022-05-20 19:26:21,223 INFO [Eureka-EvictionTimer][AbstractInstanceRegistry.java:1250] - Running the evict task with compensationTime 7ms
[wanxinp2p-discover-server][${env:SERVER_PORT}] 2022-05-20 19:26:31,232 INFO [Eureka-EvictionTimer][AbstractInstanceRegistry.java:1250] - Running the evict task with compensationTime 8ms
[wanxinp2p-discover-server][${env:SERVER_PORT}] 2022-05-20 19:26:41,242 INFO [Eureka-EvictionTimer][AbstractInstanceRegistry.java:1250] - Running the evict task with compensationTime 9ms
[wanxinp2p-discover-server][${env:SERVER_PORT}] 2022-05-20 19:26:51,251 INFO [Eureka-EvictionTimer][AbstractInstanceRegistry.java:1250] - Running the evict task with compensationTime 9ms
[wanxinp2p-discover-server][${env:SERVER_PORT}] 2022-05-20 19:27:01,259 INFO [Eureka-EvictionTimer][AbstractInstanceRegistry.java:1250] - Running the evict task with compensationTime 7ms
[wanxinp2p-discover-server][${env:SERVER_PORT}] 2022-05-20 19:27:11,267 INFO [Eureka-EvictionTimer][AbstractInstanceRegistry.java:1250] - Running the evict task with compensationTime 7ms
[wanxinp2p-discover-server][${env:SERVER_PORT}] 2022-05-20 19:27:21,274 INFO [Eureka-EvictionTimer][AbstractInstanceRegistry.java:1250] - Running the evict task with compensationTime 7ms
[wanxinp2p-discover-server][${env:SERVER_PORT}] 2022-05-20 19:27:31,282 INFO [Eureka-EvictionTimer][AbstractInstanceRegistry.java:1250] - Running the evict task with compensationTime 8ms
[wanxinp2p-discover-server][${env:SERVER_PORT}] 2022-05-20 19:27:41,291 INFO [Eureka-EvictionTimer][AbstractInstanceRegistry.java:1250] - Running the evict task with compensationTime 8ms
[wanxinp2p-discover-server][${env:SERVER_PORT}] 2022-05-20 19:27:51,301 INFO [Eureka-EvictionTimer][AbstractInstanceRegistry.java:1250] - Running the evict task with compensationTime 10ms
[wanxinp2p-discover-server][${env:SERVER_PORT}] 2022-05-20 19:28:01,310 INFO [Eureka-EvictionTimer][AbstractInstanceRegistry.java:1250] - Running the evict task with compensationTime 8ms
[wanxinp2p-discover-server][${env:SERVER_PORT}] 2022-05-20 19:28:11,319 INFO [Eureka-EvictionTimer][AbstractInstanceRegistry.java:1250] - Running the evict task with compensationTime 9ms
[wanxinp2p-discover-server][${env:SERVER_PORT}] 2022-05-20 19:28:21,327 INFO [Eureka-EvictionTimer][AbstractInstanceRegistry.java:1250] - Running the evict task with compensationTime 8ms
[wanxinp2p-discover-server][${env:SERVER_PORT}] 2022-05-20 19:28:31,336 INFO [Eureka-EvictionTimer][AbstractInstanceRegistry.java:1250] - Running the evict task with compensationTime 8ms
[wanxinp2p-discover-server][${env:SERVER_PORT}] 2022-05-20 19:28:41,343 INFO [Eureka-EvictionTimer][AbstractInstanceRegistry.java:1250] - Running the evict task with compensationTime 6ms
[wanxinp2p-discover-server][${env:SERVER_PORT}] 2022-05-20 19:28:51,352 INFO [Eureka-EvictionTimer][AbstractInstanceRegistry.java:1250] - Running the evict task with compensationTime 9ms
[wanxinp2p-discover-server][${env:SERVER_PORT}] 2022-05-20 19:29:01,362 INFO [Eureka-EvictionTimer][AbstractInstanceRegistry.java:1250] - Running the evict task with compensationTime 10ms
[wanxinp2p-discover-server][${env:SERVER_PORT}] 2022-05-20 19:29:11,371 INFO [Eureka-EvictionTimer][AbstractInstanceRegistry.java:1250] - Running the evict task with compensationTime 9ms
[wanxinp2p-discover-server][${env:SERVER_PORT}] 2022-05-20 19:29:21,379 INFO [Eureka-EvictionTimer][AbstractInstanceRegistry.java:1250] - Running the evict task with compensationTime 7ms
[wanxinp2p-discover-server][${env:SERVER_PORT}] 2022-05-20 19:29:31,388 INFO [Eureka-EvictionTimer][AbstractInstanceRegistry.java:1250] - Running the evict task with compensationTime 8ms
[wanxinp2p-discover-server][${env:SERVER_PORT}] 2022-05-20 19:29:41,392 INFO [Eureka-EvictionTimer][AbstractInstanceRegistry.java:1250] - Running the evict task with compensationTime 4ms
[wanxinp2p-discover-server][${env:SERVER_PORT}] 2022-05-20 19:29:51,393 INFO [Eureka-EvictionTimer][AbstractInstanceRegistry.java:1250] - Running the evict task with compensationTime 0ms
[wanxinp2p-discover-server][${env:SERVER_PORT}] 2022-05-20 19:30:01,402 INFO [Eureka-EvictionTimer][AbstractInstanceRegistry.java:1250] - Running the evict task with compensationTime 9ms
[wanxinp2p-discover-server][${env:SERVER_PORT}] 2022-05-20 19:30:11,406 INFO [Eureka-EvictionTimer][AbstractInstanceRegistry.java:1250] - Running the evict task with compensationTime 3ms
[wanxinp2p-discover-server][${env:SERVER_PORT}] 2022-05-20 19:30:21,415 INFO [Eureka-EvictionTimer][AbstractInstanceRegistry.java:1250] - Running the evict task with compensationTime 9ms
[wanxinp2p-discover-server][${env:SERVER_PORT}] 2022-05-20 19:30:31,423 INFO [Eureka-EvictionTimer][AbstractInstanceRegistry.java:1250] - Running the evict task with compensationTime 7ms
[wanxinp2p-discover-server][${env:SERVER_PORT}] 2022-05-20 19:30:41,433 INFO [Eureka-EvictionTimer][AbstractInstanceRegistry.java:1250] - Running the evict task with compensationTime 10ms
[wanxinp2p-discover-server][${env:SERVER_PORT}] 2022-05-20 19:30:51,443 INFO [Eureka-EvictionTimer][AbstractInstanceRegistry.java:1250] - Running the evict task with compensationTime 9ms
[wanxinp2p-discover-server][${env:SERVER_PORT}] 2022-05-20 19:31:01,452 INFO [Eureka-EvictionTimer][AbstractInstanceRegistry.java:1250] - Running the evict task with compensationTime 9ms
[wanxinp2p-discover-server][${env:SERVER_PORT}] 2022-05-20 19:31:11,461 INFO [Eureka-EvictionTimer][AbstractInstanceRegistry.java:1250] - Running the evict task with compensationTime 8ms
[wanxinp2p-discover-server][${env:SERVER_PORT}] 2022-05-20 19:31:21,470 INFO [Eureka-EvictionTimer][AbstractInstanceRegistry.java:1250] - Running the evict task with compensationTime 9ms
[wanxinp2p-discover-server][${env:SERVER_PORT}] 2022-05-20 19:31:31,476 INFO [Eureka-EvictionTimer][AbstractInstanceRegistry.java:1250] - Running the evict task with compensationTime 5ms
[wanxinp2p-discover-server][${env:SERVER_PORT}] 2022-05-20 19:31:41,484 INFO [Eureka-EvictionTimer][AbstractInstanceRegistry.java:1250] - Running the evict task with compensationTime 7ms
[wanxinp2p-discover-server][${env:SERVER_PORT}] 2022-05-20 19:31:51,492 INFO [Eureka-EvictionTimer][AbstractInstanceRegistry.java:1250] - Running the evict task with compensationTime 8ms
[wanxinp2p-discover-server][${env:SERVER_PORT}] 2022-05-20 19:32:01,501 INFO [Eureka-EvictionTimer][AbstractInstanceRegistry.java:1250] - Running the evict task with compensationTime 9ms
[wanxinp2p-discover-server][${env:SERVER_PORT}] 2022-05-20 19:32:11,504 INFO [Eureka-EvictionTimer][AbstractInstanceRegistry.java:1250] - Running the evict task with compensationTime 2ms
[wanxinp2p-discover-server][${env:SERVER_PORT}] 2022-05-20 19:32:19,730 INFO [ReplicaAwareInstanceRegistry - RenewalThresholdUpdater][PeerAwareInstanceRegistryImpl.java:539] - Current renewal threshold is : 0
[wanxinp2p-discover-server][${env:SERVER_PORT}] 2022-05-20 19:32:21,513 INFO [Eureka-EvictionTimer][AbstractInstanceRegistry.java:1250] - Running the evict task with compensationTime 9ms
[wanxinp2p-discover-server][${env:SERVER_PORT}] 2022-05-20 19:32:31,520 INFO [Eureka-EvictionTimer][AbstractInstanceRegistry.java:1250] - Running the evict task with compensationTime 6ms
[wanxinp2p-discover-server][${env:SERVER_PORT}] 2022-05-20 19:32:41,528 INFO [Eureka-EvictionTimer][AbstractInstanceRegistry.java:1250] - Running the evict task with compensationTime 8ms
[wanxinp2p-discover-server][${env:SERVER_PORT}] 2022-05-20 19:32:51,536 INFO [Eureka-EvictionTimer][AbstractInstanceRegistry.java:1250] - Running the evict task with compensationTime 7ms
[wanxinp2p-discover-server][${env:SERVER_PORT}] 2022-05-20 19:33:01,545 INFO [Eureka-EvictionTimer][AbstractInstanceRegistry.java:1250] - Running the evict task with compensationTime 8ms
[wanxinp2p-discover-server][${env:SERVER_PORT}] 2022-05-20 19:33:11,554 INFO [Eureka-EvictionTimer][AbstractInstanceRegistry.java:1250] - Running the evict task with compensationTime 8ms
[wanxinp2p-discover-server][${env:SERVER_PORT}] 2022-05-20 19:33:21,562 INFO [Eureka-EvictionTimer][AbstractInstanceRegistry.java:1250] - Running the evict task with compensationTime 8ms
[wanxinp2p-discover-server][${env:SERVER_PORT}] 2022-05-20 19:33:31,571 INFO [Eureka-EvictionTimer][AbstractInstanceRegistry.java:1250] - Running the evict task with compensationTime 8ms
[wanxinp2p-discover-server][${env:SERVER_PORT}] 2022-05-20 19:33:41,581 INFO [Eureka-EvictionTimer][AbstractInstanceRegistry.java:1250] - Running the evict task with compensationTime 10ms
[wanxinp2p-discover-server][${env:SERVER_PORT}] 2022-05-20 19:33:51,589 INFO [Eureka-EvictionTimer][AbstractInstanceRegistry.java:1250] - Running the evict task with compensationTime 7ms
[wanxinp2p-discover-server][${env:SERVER_PORT}] 2022-05-20 19:34:01,599 INFO [Eureka-EvictionTimer][AbstractInstanceRegistry.java:1250] - Running the evict task with compensationTime 10ms
[wanxinp2p-discover-server][${env:SERVER_PORT}] 2022-05-20 19:34:11,607 INFO [Eureka-EvictionTimer][AbstractInstanceRegistry.java:1250] - Running the evict task with compensationTime 8ms
[wanxinp2p-discover-server][${env:SERVER_PORT}] 2022-05-20 19:34:21,615 INFO [Eureka-EvictionTimer][AbstractInstanceRegistry.java:1250] - Running the evict task with compensationTime 7ms
[wanxinp2p-discover-server][${env:SERVER_PORT}] 2022-05-20 19:34:31,624 INFO [Eureka-EvictionTimer][AbstractInstanceRegistry.java:1250] - Running the evict task with compensationTime 9ms
[wanxinp2p-discover-server][${env:SERVER_PORT}] 2022-05-20 19:34:41,634 INFO [Eureka-EvictionTimer][AbstractInstanceRegistry.java:1250] - Running the evict task with compensationTime 10ms
[wanxinp2p-discover-server][${env:SERVER_PORT}] 2022-05-20 19:34:51,644 INFO [Eureka-EvictionTimer][AbstractInstanceRegistry.java:1250] - Running the evict task with compensationTime 9ms
[wanxinp2p-discover-server][${env:SERVER_PORT}] 2022-05-20 19:35:01,654 INFO [Eureka-EvictionTimer][AbstractInstanceRegistry.java:1250] - Running the evict task with compensationTime 9ms
[wanxinp2p-discover-server][${env:SERVER_PORT}] 2022-05-20 19:35:11,663 INFO [Eureka-EvictionTimer][AbstractInstanceRegistry.java:1250] - Running the evict task with compensationTime 8ms
[wanxinp2p-discover-server][${env:SERVER_PORT}] 2022-05-20 19:35:21,672 INFO [Eureka-EvictionTimer][AbstractInstanceRegistry.java:1250] - Running the evict task with compensationTime 9ms
[wanxinp2p-discover-server][${env:SERVER_PORT}] 2022-05-20 19:35:31,682 INFO [Eureka-EvictionTimer][AbstractInstanceRegistry.java:1250] - Running the evict task with compensationTime 78ms
[wanxinp2p-discover-server][${env:SERVER_PORT}] 2022-05-20 19:35:41,691 INFO [Eureka-EvictionTimer][AbstractInstanceRegistry.java:1250] - Running the evict task with compensationTime 8ms
[wanxinp2p-discover-server][${env:SERVER_PORT}] 2022-05-20 19:35:51,698 INFO [Eureka-EvictionTimer][AbstractInstanceRegistry.java:1250] - Running the evict task with compensationTime 8ms
[wanxinp2p-discover-server][${env:SERVER_PORT}] 2022-05-20 19:36:01,705 INFO [Eureka-EvictionTimer][AbstractInstanceRegistry.java:1250] - Running the evict task with compensationTime 6ms
[wanxinp2p-discover-server][${env:SERVER_PORT}] 2022-05-20 19:36:11,714 INFO [Eureka-EvictionTimer][AbstractInstanceRegistry.java:1250] - Running the evict task with compensationTime 8ms
[wanxinp2p-discover-server][${env:SERVER_PORT}] 2022-05-20 19:36:21,724 INFO [Eureka-EvictionTimer][AbstractInstanceRegistry.java:1250] - Running the evict task with compensationTime 9ms
[wanxinp2p-discover-server][${env:SERVER_PORT}] 2022-05-20 19:36:31,733 INFO [Eureka-EvictionTimer][AbstractInstanceRegistry.java:1250] - Running the evict task with compensationTime 9ms
[wanxinp2p-discover-server][${env:SERVER_PORT}] 2022-05-20 19:36:41,741 INFO [Eureka-EvictionTimer][AbstractInstanceRegistry.java:1250] - Running the evict task with compensationTime 8ms
[wanxinp2p-discover-server][${env:SERVER_PORT}] 2022-05-20 19:36:51,749 INFO [Eureka-EvictionTimer][AbstractInstanceRegistry.java:1250] - Running the evict task with compensationTime 8ms
[wanxinp2p-discover-server][${env:SERVER_PORT}] 2022-05-20 19:37:01,757 INFO [Eureka-EvictionTimer][AbstractInstanceRegistry.java:1250] - Running the evict task with compensationTime 7ms
[wanxinp2p-discover-server][${env:SERVER_PORT}] 2022-05-20 19:37:11,767 INFO [Eureka-EvictionTimer][AbstractInstanceRegistry.java:1250] - Running the evict task with compensationTime 9ms
[wanxinp2p-discover-server][${env:SERVER_PORT}] 2022-05-20 19:37:21,776 INFO [Eureka-EvictionTimer][AbstractInstanceRegistry.java:1250] - Running the evict task with compensationTime 9ms
[wanxinp2p-discover-server][${env:SERVER_PORT}] 2022-05-20 19:37:31,785 INFO [Eureka-EvictionTimer][AbstractInstanceRegistry.java:1250] - Running the evict task with compensationTime 9ms
[wanxinp2p-discover-server][${env:SERVER_PORT}] 2022-05-20 19:37:41,793 INFO [Eureka-EvictionTimer][AbstractInstanceRegistry.java:1250] - Running the evict task with compensationTime 7ms
[wanxinp2p-discover-server][${env:SERVER_PORT}] 2022-05-20 19:37:51,801 INFO [Eureka-EvictionTimer][AbstractInstanceRegistry.java:1250] - Running the evict task with compensationTime 8ms
[wanxinp2p-discover-server][${env:SERVER_PORT}] 2022-05-20 19:38:01,809 INFO [Eureka-EvictionTimer][AbstractInstanceRegistry.java:1250] - Running the evict task with compensationTime 7ms
[wanxinp2p-discover-server][${env:SERVER_PORT}] 2022-05-20 19:38:11,818 INFO [Eureka-EvictionTimer][AbstractInstanceRegistry.java:1250] - Running the evict task with compensationTime 9ms
[wanxinp2p-discover-server][${env:SERVER_PORT}] 2022-05-20 19:38:21,828 INFO [Eureka-EvictionTimer][AbstractInstanceRegistry.java:1250] - Running the evict task with compensationTime 10ms
[wanxinp2p-discover-server][${env:SERVER_PORT}] 2022-05-20 19:38:31,837 INFO [Eureka-EvictionTimer][AbstractInstanceRegistry.java:1250] - Running the evict task with compensationTime 9ms
[wanxinp2p-discover-server][${env:SERVER_PORT}] 2022-05-20 19:38:41,846 INFO [Eureka-EvictionTimer][AbstractInstanceRegistry.java:1250] - Running the evict task with compensationTime 8ms
[wanxinp2p-discover-server][${env:SERVER_PORT}] 2022-05-20 19:38:51,856 INFO [Eureka-EvictionTimer][AbstractInstanceRegistry.java:1250] - Running the evict task with compensationTime 9ms
[wanxinp2p-discover-server][${env:SERVER_PORT}] 2022-05-20 19:39:01,864 INFO [Eureka-EvictionTimer][AbstractInstanceRegistry.java:1250] - Running the evict task with compensationTime 8ms
[wanxinp2p-discover-server][${env:SERVER_PORT}] 2022-05-20 19:39:11,868 INFO [Eureka-EvictionTimer][AbstractInstanceRegistry.java:1250] - Running the evict task with compensationTime 3ms
[wanxinp2p-discover-server][${env:SERVER_PORT}] 2022-05-20 19:39:21,878 INFO [Eureka-EvictionTimer][AbstractInstanceRegistry.java:1250] - Running the evict task with compensationTime 9ms
[wanxinp2p-discover-server][${env:SERVER_PORT}] 2022-05-20 19:39:31,879 INFO [Eureka-EvictionTimer][AbstractInstanceRegistry.java:1250] - Running the evict task with compensationTime 1ms
[wanxinp2p-discover-server][${env:SERVER_PORT}] 2022-05-20 19:39:41,881 INFO [Eureka-EvictionTimer][AbstractInstanceRegistry.java:1250] - Running the evict task with compensationTime 1ms
[wanxinp2p-discover-server][${env:SERVER_PORT}] 2022-05-20 19:39:51,890 INFO [Eureka-EvictionTimer][AbstractInstanceRegistry.java:1250] - Running the evict task with compensationTime 9ms
[wanxinp2p-discover-server][${env:SERVER_PORT}] 2022-05-20 19:40:01,899 INFO [Eureka-EvictionTimer][AbstractInstanceRegistry.java:1250] - Running the evict task with compensationTime 8ms
[wanxinp2p-discover-server][${env:SERVER_PORT}] 2022-05-20 19:40:11,908 INFO [Eureka-EvictionTimer][AbstractInstanceRegistry.java:1250] - Running the evict task with compensationTime 9ms
[wanxinp2p-discover-server][${env:SERVER_PORT}] 2022-05-20 19:40:21,917 INFO [Eureka-EvictionTimer][AbstractInstanceRegistry.java:1250] - Running the evict task with compensationTime 9ms
[wanxinp2p-discover-server][${env:SERVER_PORT}] 2022-05-20 19:40:31,927 INFO [Eureka-EvictionTimer][AbstractInstanceRegistry.java:1250] - Running the evict task with compensationTime 9ms
[wanxinp2p-discover-server][${env:SERVER_PORT}] 2022-05-20 19:40:41,997 INFO [Eureka-EvictionTimer][AbstractInstanceRegistry.java:1250] - Running the evict task with compensationTime 51ms
[wanxinp2p-discover-server][${env:SERVER_PORT}] 2022-05-20 19:40:51,973 INFO [Eureka-EvictionTimer][AbstractInstanceRegistry.java:1250] - Running the evict task with compensationTime 0ms
[wanxinp2p-discover-server][${env:SERVER_PORT}] 2022-05-20 19:41:01,977 INFO [Eureka-EvictionTimer][AbstractInstanceRegistry.java:1250] - Running the evict task with compensationTime 3ms
[wanxinp2p-discover-server][${env:SERVER_PORT}] 2022-05-20 19:41:11,981 INFO [Eureka-EvictionTimer][AbstractInstanceRegistry.java:1250] - Running the evict task with compensationTime 4ms
[wanxinp2p-discover-server][${env:SERVER_PORT}] 2022-05-20 19:41:21,986 INFO [Eureka-EvictionTimer][AbstractInstanceRegistry.java:1250] - Running the evict task with compensationTime 4ms
[wanxinp2p-discover-server][${env:SERVER_PORT}] 2022-05-20 19:41:31,991 INFO [Eureka-EvictionTimer][AbstractInstanceRegistry.java:1250] - Running the evict task with compensationTime 4ms
[wanxinp2p-discover-server][${env:SERVER_PORT}] 2022-05-20 19:41:41,995 INFO [Eureka-EvictionTimer][AbstractInstanceRegistry.java:1250] - Running the evict task with compensationTime 4ms
[wanxinp2p-discover-server][${env:SERVER_PORT}] 2022-05-20 19:41:52,000 INFO [Eureka-EvictionTimer][AbstractInstanceRegistry.java:1250] - Running the evict task with compensationTime 4ms
[wanxinp2p-discover-server][${env:SERVER_PORT}] 2022-05-20 19:42:02,005 INFO [Eureka-EvictionTimer][AbstractInstanceRegistry.java:1250] - Running the evict task with compensationTime 4ms
[wanxinp2p-discover-server][${env:SERVER_PORT}] 2022-05-20 19:42:12,009 INFO [Eureka-EvictionTimer][AbstractInstanceRegistry.java:1250] - Running the evict task with compensationTime 4ms
[wanxinp2p-discover-server][${env:SERVER_PORT}] 2022-05-20 19:42:22,013 INFO [Eureka-EvictionTimer][AbstractInstanceRegistry.java:1250] - Running the evict task with compensationTime 3ms
[wanxinp2p-discover-server][${env:SERVER_PORT}] 2022-05-20 19:42:32,013 INFO [Eureka-EvictionTimer][AbstractInstanceRegistry.java:1250] - Running the evict task with compensationTime 0ms
[wanxinp2p-discover-server][${env:SERVER_PORT}] 2022-05-20 19:42:42,017 INFO [Eureka-EvictionTimer][AbstractInstanceRegistry.java:1250] - Running the evict task with compensationTime 3ms
[wanxinp2p-discover-server][${env:SERVER_PORT}] 2022-05-20 19:42:52,020 INFO [Eureka-EvictionTimer][AbstractInstanceRegistry.java:1250] - Running the evict task with compensationTime 3ms
[wanxinp2p-discover-server][${env:SERVER_PORT}] 2022-05-20 19:43:02,024 INFO [Eureka-EvictionTimer][AbstractInstanceRegistry.java:1250] - Running the evict task with compensationTime 4ms
[wanxinp2p-discover-server][${env:SERVER_PORT}] 2022-05-20 19:43:12,028 INFO [Eureka-EvictionTimer][AbstractInstanceRegistry.java:1250] - Running the evict task with compensationTime 3ms
[wanxinp2p-discover-server][${env:SERVER_PORT}] 2022-05-20 19:43:22,033 INFO [Eureka-EvictionTimer][AbstractInstanceRegistry.java:1250] - Running the evict task with compensationTime 5ms
[wanxinp2p-discover-server][${env:SERVER_PORT}] 2022-05-20 19:43:32,038 INFO [Eureka-EvictionTimer][AbstractInstanceRegistry.java:1250] - Running the evict task with compensationTime 4ms
[wanxinp2p-discover-server][${env:SERVER_PORT}] 2022-05-20 19:43:42,043 INFO [Eureka-EvictionTimer][AbstractInstanceRegistry.java:1250] - Running the evict task with compensationTime 5ms
[wanxinp2p-discover-server][${env:SERVER_PORT}] 2022-05-20 19:43:52,047 INFO [Eureka-EvictionTimer][AbstractInstanceRegistry.java:1250] - Running the evict task with compensationTime 4ms
[wanxinp2p-discover-server][${env:SERVER_PORT}] 2022-05-20 19:44:02,048 INFO [Eureka-EvictionTimer][AbstractInstanceRegistry.java:1250] - Running the evict task with compensationTime 1ms
[wanxinp2p-discover-server][${env:SERVER_PORT}] 2022-05-20 19:44:12,052 INFO [Eureka-EvictionTimer][AbstractInstanceRegistry.java:1250] - Running the evict task with compensationTime 3ms
[wanxinp2p-discover-server][${env:SERVER_PORT}] 2022-05-20 19:44:22,056 INFO [Eureka-EvictionTimer][AbstractInstanceRegistry.java:1250] - Running the evict task with compensationTime 4ms
[wanxinp2p-discover-server][${env:SERVER_PORT}] 2022-05-20 19:44:32,061 INFO [Eureka-EvictionTimer][AbstractInstanceRegistry.java:1250] - Running the evict task with compensationTime 4ms
[wanxinp2p-discover-server][${env:SERVER_PORT}] 2022-05-20 19:44:42,065 INFO [Eureka-EvictionTimer][AbstractInstanceRegistry.java:1250] - Running the evict task with compensationTime 3ms
[wanxinp2p-discover-server][${env:SERVER_PORT}] 2022-05-20 19:44:52,069 INFO [Eureka-EvictionTimer][AbstractInstanceRegistry.java:1250] - Running the evict task with compensationTime 4ms
[wanxinp2p-discover-server][${env:SERVER_PORT}] 2022-05-20 19:45:02,074 INFO [Eureka-EvictionTimer][AbstractInstanceRegistry.java:1250] - Running the evict task with compensationTime 4ms
[wanxinp2p-discover-server][${env:SERVER_PORT}] 2022-05-20 19:45:12,077 INFO [Eureka-EvictionTimer][AbstractInstanceRegistry.java:1250] - Running the evict task with compensationTime 4ms
[wanxinp2p-discover-server][${env:SERVER_PORT}] 2022-05-20 19:45:22,081 INFO [Eureka-EvictionTimer][AbstractInstanceRegistry.java:1250] - Running the evict task with compensationTime 4ms
[wanxinp2p-discover-server][${env:SERVER_PORT}] 2022-05-20 19:45:32,085 INFO [Eureka-EvictionTimer][AbstractInstanceRegistry.java:1250] - Running the evict task with compensationTime 3ms
[wanxinp2p-discover-server][${env:SERVER_PORT}] 2022-05-20 19:45:42,088 INFO [Eureka-EvictionTimer][AbstractInstanceRegistry.java:1250] - Running the evict task with compensationTime 3ms
[wanxinp2p-discover-server][${env:SERVER_PORT}] 2022-05-20 19:45:52,093 INFO [Eureka-EvictionTimer][AbstractInstanceRegistry.java:1250] - Running the evict task with compensationTime 4ms
[wanxinp2p-discover-server][${env:SERVER_PORT}] 2022-05-20 19:46:02,096 INFO [Eureka-EvictionTimer][AbstractInstanceRegistry.java:1250] - Running the evict task with compensationTime 3ms
[wanxinp2p-discover-server][${env:SERVER_PORT}] 2022-05-20 19:46:12,100 INFO [Eureka-EvictionTimer][AbstractInstanceRegistry.java:1250] - Running the evict task with compensationTime 4ms
[wanxinp2p-discover-server][${env:SERVER_PORT}] 2022-05-20 19:46:22,103 INFO [Eureka-EvictionTimer][AbstractInstanceRegistry.java:1250] - Running the evict task with compensationTime 3ms
[wanxinp2p-discover-server][${env:SERVER_PORT}] 2022-05-20 19:46:32,110 INFO [Eureka-EvictionTimer][AbstractInstanceRegistry.java:1250] - Running the evict task with compensationTime 4ms
[wanxinp2p-discover-server][${env:SERVER_PORT}] 2022-05-20 19:46:42,109 INFO [Eureka-EvictionTimer][AbstractInstanceRegistry.java:1250] - Running the evict task with compensationTime 1ms
[wanxinp2p-discover-server][${env:SERVER_PORT}] 2022-05-20 19:46:52,114 INFO [Eureka-EvictionTimer][AbstractInstanceRegistry.java:1250] - Running the evict task with compensationTime 5ms
[wanxinp2p-discover-server][${env:SERVER_PORT}] 2022-05-20 19:47:02,119 INFO [Eureka-EvictionTimer][AbstractInstanceRegistry.java:1250] - Running the evict task with compensationTime 5ms
[wanxinp2p-discover-server][${env:SERVER_PORT}] 2022-05-20 19:47:12,123 INFO [Eureka-EvictionTimer][AbstractInstanceRegistry.java:1250] - Running the evict task with compensationTime 4ms
[wanxinp2p-discover-server][${env:SERVER_PORT}] 2022-05-20 19:47:19,751 INFO [ReplicaAwareInstanceRegistry - RenewalThresholdUpdater][PeerAwareInstanceRegistryImpl.java:539] - Current renewal threshold is : 0
[wanxinp2p-discover-server][${env:SERVER_PORT}] 2022-05-20 19:47:22,127 INFO [Eureka-EvictionTimer][AbstractInstanceRegistry.java:1250] - Running the evict task with compensationTime 3ms
[wanxinp2p-discover-server][${env:SERVER_PORT}] 2022-05-20 19:47:32,130 INFO [Eureka-EvictionTimer][AbstractInstanceRegistry.java:1250] - Running the evict task with compensationTime 3ms
[wanxinp2p-discover-server][${env:SERVER_PORT}] 2022-05-20 19:47:42,134 INFO [Eureka-EvictionTimer][AbstractInstanceRegistry.java:1250] - Running the evict task with compensationTime 3ms
[wanxinp2p-discover-server][${env:SERVER_PORT}] 2022-05-20 19:47:52,138 INFO [Eureka-EvictionTimer][AbstractInstanceRegistry.java:1250] - Running the evict task with compensationTime 4ms
[wanxinp2p-discover-server][${env:SERVER_PORT}] 2022-05-20 19:48:02,142 INFO [Eureka-EvictionTimer][AbstractInstanceRegistry.java:1250] - Running the evict task with compensationTime 3ms
[wanxinp2p-discover-server][${env:SERVER_PORT}] 2022-05-20 19:48:12,145 INFO [Eureka-EvictionTimer][AbstractInstanceRegistry.java:1250] - Running the evict task with compensationTime 3ms
[wanxinp2p-discover-server][${env:SERVER_PORT}] 2022-05-20 19:48:22,149 INFO [Eureka-EvictionTimer][AbstractInstanceRegistry.java:1250] - Running the evict task with compensationTime 3ms
[wanxinp2p-discover-server][${env:SERVER_PORT}] 2022-05-20 19:48:32,153 INFO [Eureka-EvictionTimer][AbstractInstanceRegistry.java:1250] - Running the evict task with compensationTime 4ms
[wanxinp2p-discover-server][${env:SERVER_PORT}] 2022-05-20 19:48:42,157 INFO [Eureka-EvictionTimer][AbstractInstanceRegistry.java:1250] - Running the evict task with compensationTime 4ms
[wanxinp2p-discover-server][${env:SERVER_PORT}] 2022-05-20 19:48:52,158 INFO [Eureka-EvictionTimer][AbstractInstanceRegistry.java:1250] - Running the evict task with compensationTime 1ms
[wanxinp2p-discover-server][${env:SERVER_PORT}] 2022-05-20 19:49:02,162 INFO [Eureka-EvictionTimer][AbstractInstanceRegistry.java:1250] - Running the evict task with compensationTime 3ms
[wanxinp2p-discover-server][${env:SERVER_PORT}] 2022-05-20 19:49:12,167 INFO [Eureka-EvictionTimer][AbstractInstanceRegistry.java:1250] - Running the evict task with compensationTime 4ms
[wanxinp2p-discover-server][${env:SERVER_PORT}] 2022-05-20 19:49:22,171 INFO [Eureka-EvictionTimer][AbstractInstanceRegistry.java:1250] - Running the evict task with compensationTime 4ms
[wanxinp2p-discover-server][${env:SERVER_PORT}] 2022-05-20 19:49:32,176 INFO [Eureka-EvictionTimer][AbstractInstanceRegistry.java:1250] - Running the evict task with compensationTime 5ms
[wanxinp2p-discover-server][${env:SERVER_PORT}] 2022-05-20 19:49:42,181 INFO [Eureka-EvictionTimer][AbstractInstanceRegistry.java:1250] - Running the evict task with compensationTime 5ms
[wanxinp2p-discover-server][${env:SERVER_PORT}] 2022-05-20 19:49:52,186 INFO [Eureka-EvictionTimer][AbstractInstanceRegistry.java:1250] - Running the evict task with compensationTime 4ms
[wanxinp2p-discover-server][${env:SERVER_PORT}] 2022-05-20 19:50:02,188 INFO [Eureka-EvictionTimer][AbstractInstanceRegistry.java:1250] - Running the evict task with compensationTime 2ms
[wanxinp2p-discover-server][${env:SERVER_PORT}] 2022-05-20 19:50:12,192 INFO [Eureka-EvictionTimer][AbstractInstanceRegistry.java:1250] - Running the evict task with compensationTime 4ms
[wanxinp2p-discover-server][${env:SERVER_PORT}] 2022-05-20 19:50:22,197 INFO [Eureka-EvictionTimer][AbstractInstanceRegistry.java:1250] - Running the evict task with compensationTime 4ms
[wanxinp2p-discover-server][${env:SERVER_PORT}] 2022-05-20 19:50:32,201 INFO [Eureka-EvictionTimer][AbstractInstanceRegistry.java:1250] - Running the evict task with compensationTime 4ms
[wanxinp2p-discover-server][${env:SERVER_PORT}] 2022-05-20 19:50:42,205 INFO [Eureka-EvictionTimer][AbstractInstanceRegistry.java:1250] - Running the evict task with compensationTime 3ms
[wanxinp2p-discover-server][${env:SERVER_PORT}] 2022-05-20 19:50:52,209 INFO [Eureka-EvictionTimer][AbstractInstanceRegistry.java:1250] - Running the evict task with compensationTime 4ms
[wanxinp2p-discover-server][${env:SERVER_PORT}] 2022-05-20 19:51:02,212 INFO [Eureka-EvictionTimer][AbstractInstanceRegistry.java:1250] - Running the evict task with compensationTime 2ms
[wanxinp2p-discover-server][${env:SERVER_PORT}] 2022-05-20 19:51:12,217 INFO [Eureka-EvictionTimer][AbstractInstanceRegistry.java:1250] - Running the evict task with compensationTime 4ms
[wanxinp2p-discover-server][${env:SERVER_PORT}] 2022-05-20 19:51:22,242 INFO [Eureka-EvictionTimer][AbstractInstanceRegistry.java:1250] - Running the evict task with compensationTime 4ms
[wanxinp2p-discover-server][${env:SERVER_PORT}] 2022-05-20 19:51:32,256 INFO [Eureka-EvictionTimer][AbstractInstanceRegistry.java:1250] - Running the evict task with compensationTime 4ms
[wanxinp2p-discover-server][${env:SERVER_PORT}] 2022-05-20 19:51:42,265 INFO [Eureka-EvictionTimer][AbstractInstanceRegistry.java:1250] - Running the evict task with compensationTime 3ms
[wanxinp2p-discover-server][${env:SERVER_PORT}] 2022-05-20 19:51:52,272 INFO [Eureka-EvictionTimer][AbstractInstanceRegistry.java:1250] - Running the evict task with compensationTime 3ms
[wanxinp2p-discover-server][${env:SERVER_PORT}] 2022-05-20 19:52:02,278 INFO [Eureka-EvictionTimer][AbstractInstanceRegistry.java:1250] - Running the evict task with compensationTime 4ms
[wanxinp2p-discover-server][${env:SERVER_PORT}] 2022-05-20 19:52:12,284 INFO [Eureka-EvictionTimer][AbstractInstanceRegistry.java:1250] - Running the evict task with compensationTime 5ms
[wanxinp2p-discover-server][${env:SERVER_PORT}] 2022-05-20 19:52:22,295 INFO [Eureka-EvictionTimer][AbstractInstanceRegistry.java:1250] - Running the evict task with compensationTime 10ms
[wanxinp2p-discover-server][${env:SERVER_PORT}] 2022-05-20 19:52:32,304 INFO [Eureka-EvictionTimer][AbstractInstanceRegistry.java:1250] - Running the evict task with compensationTime 8ms
[wanxinp2p-discover-server][${env:SERVER_PORT}] 2022-05-20 19:52:42,313 INFO [Eureka-EvictionTimer][AbstractInstanceRegistry.java:1250] - Running the evict task with compensationTime 9ms
[wanxinp2p-discover-server][${env:SERVER_PORT}] 2022-05-20 19:52:52,322 INFO [Eureka-EvictionTimer][AbstractInstanceRegistry.java:1250] - Running the evict task with compensationTime 9ms
[wanxinp2p-discover-server][${env:SERVER_PORT}] 2022-05-20 19:53:02,331 INFO [Eureka-EvictionTimer][AbstractInstanceRegistry.java:1250] - Running the evict task with compensationTime 8ms
[wanxinp2p-discover-server][${env:SERVER_PORT}] 2022-05-20 19:53:12,338 INFO [Eureka-EvictionTimer][AbstractInstanceRegistry.java:1250] - Running the evict task with compensationTime 7ms
[wanxinp2p-discover-server][${env:SERVER_PORT}] 2022-05-20 19:53:22,346 INFO [Eureka-EvictionTimer][AbstractInstanceRegistry.java:1250] - Running the evict task with compensationTime 7ms
[wanxinp2p-discover-server][${env:SERVER_PORT}] 2022-05-20 19:53:32,350 INFO [Eureka-EvictionTimer][AbstractInstanceRegistry.java:1250] - Running the evict task with compensationTime 4ms
[wanxinp2p-discover-server][${env:SERVER_PORT}] 2022-05-20 19:53:42,360 INFO [Eureka-EvictionTimer][AbstractInstanceRegistry.java:1250] - Running the evict task with compensationTime 9ms
[wanxinp2p-discover-server][${env:SERVER_PORT}] 2022-05-20 19:53:52,371 INFO [Eureka-EvictionTimer][AbstractInstanceRegistry.java:1250] - Running the evict task with compensationTime 10ms
[wanxinp2p-discover-server][${env:SERVER_PORT}] 2022-05-20 19:54:02,380 INFO [Eureka-EvictionTimer][AbstractInstanceRegistry.java:1250] - Running the evict task with compensationTime 9ms
[wanxinp2p-discover-server][${env:SERVER_PORT}] 2022-05-20 19:54:12,390 INFO [Eureka-EvictionTimer][AbstractInstanceRegistry.java:1250] - Running the evict task with compensationTime 9ms
[wanxinp2p-discover-server][${env:SERVER_PORT}] 2022-05-20 19:54:22,400 INFO [Eureka-EvictionTimer][AbstractInstanceRegistry.java:1250] - Running the evict task with compensationTime 10ms
[wanxinp2p-discover-server][${env:SERVER_PORT}] 2022-05-20 19:54:32,409 INFO [Eureka-EvictionTimer][AbstractInstanceRegistry.java:1250] - Running the evict task with compensationTime 9ms
[wanxinp2p-discover-server][${env:SERVER_PORT}] 2022-05-20 19:54:42,417 INFO [Eureka-EvictionTimer][AbstractInstanceRegistry.java:1250] - Running the evict task with compensationTime 7ms
[wanxinp2p-discover-server][${env:SERVER_PORT}] 2022-05-20 19:54:52,425 INFO [Eureka-EvictionTimer][AbstractInstanceRegistry.java:1250] - Running the evict task with compensationTime 8ms
[wanxinp2p-discover-server][${env:SERVER_PORT}] 2022-05-20 19:55:02,434 INFO [Eureka-EvictionTimer][AbstractInstanceRegistry.java:1250] - Running the evict task with compensationTime 8ms
[wanxinp2p-discover-server][${env:SERVER_PORT}] 2022-05-20 19:55:12,444 INFO [Eureka-EvictionTimer][AbstractInstanceRegistry.java:1250] - Running the evict task with compensationTime 7ms
[wanxinp2p-discover-server][${env:SERVER_PORT}] 2022-05-20 19:55:22,450 INFO [Eureka-EvictionTimer][AbstractInstanceRegistry.java:1250] - Running the evict task with compensationTime 7ms
[wanxinp2p-discover-server][${env:SERVER_PORT}] 2022-05-20 19:55:32,458 INFO [Eureka-EvictionTimer][AbstractInstanceRegistry.java:1250] - Running the evict task with compensationTime 8ms
[wanxinp2p-discover-server][${env:SERVER_PORT}] 2022-05-20 19:55:42,467 INFO [Eureka-EvictionTimer][AbstractInstanceRegistry.java:1250] - Running the evict task with compensationTime 9ms
[wanxinp2p-discover-server][${env:SERVER_PORT}] 2022-05-20 19:55:52,475 INFO [Eureka-EvictionTimer][AbstractInstanceRegistry.java:1250] - Running the evict task with compensationTime 7ms
[wanxinp2p-discover-server][${env:SERVER_PORT}] 2022-05-20 19:56:02,483 INFO [Eureka-EvictionTimer][AbstractInstanceRegistry.java:1250] - Running the evict task with compensationTime 7ms
[wanxinp2p-discover-server][${env:SERVER_PORT}] 2022-05-20 19:56:12,491 INFO [Eureka-EvictionTimer][AbstractInstanceRegistry.java:1250] - Running the evict task with compensationTime 8ms
[wanxinp2p-discover-server][${env:SERVER_PORT}] 2022-05-20 19:56:22,500 INFO [Eureka-EvictionTimer][AbstractInstanceRegistry.java:1250] - Running the evict task with compensationTime 8ms
[wanxinp2p-discover-server][${env:SERVER_PORT}] 2022-05-20 19:56:32,509 INFO [Eureka-EvictionTimer][AbstractInstanceRegistry.java:1250] - Running the evict task with compensationTime 8ms
[wanxinp2p-discover-server][${env:SERVER_PORT}] 2022-05-20 19:56:42,516 INFO [Eureka-EvictionTimer][AbstractInstanceRegistry.java:1250] - Running the evict task with compensationTime 7ms
[wanxinp2p-discover-server][${env:SERVER_PORT}] 2022-05-20 19:56:52,525 INFO [Eureka-EvictionTimer][AbstractInstanceRegistry.java:1250] - Running the evict task with compensationTime 9ms
[wanxinp2p-discover-server][${env:SERVER_PORT}] 2022-05-20 19:57:02,533 INFO [Eureka-EvictionTimer][AbstractInstanceRegistry.java:1250] - Running the evict task with compensationTime 8ms
[wanxinp2p-discover-server][${env:SERVER_PORT}] 2022-05-20 19:57:12,543 INFO [Eureka-EvictionTimer][AbstractInstanceRegistry.java:1250] - Running the evict task with compensationTime 9ms
[wanxinp2p-discover-server][${env:SERVER_PORT}] 2022-05-20 19:57:22,552 INFO [Eureka-EvictionTimer][AbstractInstanceRegistry.java:1250] - Running the evict task with compensationTime 8ms
[wanxinp2p-discover-server][${env:SERVER_PORT}] 2022-05-20 19:57:32,560 INFO [Eureka-EvictionTimer][AbstractInstanceRegistry.java:1250] - Running the evict task with compensationTime 526ms
[wanxinp2p-discover-server][${env:SERVER_PORT}] 2022-05-20 19:57:42,568 INFO [Eureka-EvictionTimer][AbstractInstanceRegistry.java:1250] - Running the evict task with compensationTime 7ms
[wanxinp2p-discover-server][${env:SERVER_PORT}] 2022-05-20 19:59:32,864 INFO [Eureka-EvictionTimer][AbstractInstanceRegistry.java:1250] - Running the evict task with compensationTime 9ms
