[wanxinp2p-consumer-service][${env:SERVER_PORT}] 2022-05-21 18:03:27,744 INFO [NettyClientSelector_1][Slf4jLoggerFactory.java:95] - closeChannel: close the connection to remote address[] result: true
[wanxinp2p-consumer-service][${env:SERVER_PORT}] 2022-05-21 18:03:27,745 INFO [NettyClientSelector_1][Slf4jLoggerFactory.java:95] - closeChannel: close the connection to remote address[] result: true
[wanxinp2p-consumer-service][${env:SERVER_PORT}] 2022-05-21 18:03:34,940 INFO [DiscoveryClient-HeartbeatExecutor-0][DiscoveryClient.java:850] - DiscoveryClient_CONSUMER-SERVICE/consumer-service:10.30.44.208:53050 - Re-registering apps/CONSUMER-SERVICE
[wanxinp2p-consumer-service][${env:SERVER_PORT}] 2022-05-21 18:03:34,941 INFO [DiscoveryClient-HeartbeatExecutor-0][DiscoveryClient.java:826] - DiscoveryClient_CONSUMER-SERVICE/consumer-service:10.30.44.208:53050: registering service...
[wanxinp2p-consumer-service][${env:SERVER_PORT}] 2022-05-21 18:03:34,954 INFO [DiscoveryClient-HeartbeatExecutor-0][DiscoveryClient.java:835] - DiscoveryClient_CONSUMER-SERVICE/consumer-service:10.30.44.208:53050 - registration status: 204
[wanxinp2p-consumer-service][${env:SERVER_PORT}] 2022-05-21 18:03:57,729 INFO [NettyClientSelector_1][Slf4jLoggerFactory.java:95] - closeChannel: close the connection to remote address[] result: true
[wanxinp2p-consumer-service][${env:SERVER_PORT}] 2022-05-21 18:03:57,741 INFO [NettyClientSelector_1][Slf4jLoggerFactory.java:95] - closeChannel: close the connection to remote address[] result: true
[wanxinp2p-consumer-service][${env:SERVER_PORT}] 2022-05-21 18:04:27,730 INFO [NettyClientSelector_1][Slf4jLoggerFactory.java:95] - closeChannel: close the connection to remote address[] result: true
[wanxinp2p-consumer-service][${env:SERVER_PORT}] 2022-05-21 18:04:27,738 INFO [NettyClientSelector_1][Slf4jLoggerFactory.java:95] - closeChannel: close the connection to remote address[] result: true
[wanxinp2p-consumer-service][${env:SERVER_PORT}] 2022-05-21 18:04:57,731 INFO [NettyClientSelector_1][Slf4jLoggerFactory.java:95] - closeChannel: close the connection to remote address[] result: true
[wanxinp2p-consumer-service][${env:SERVER_PORT}] 2022-05-21 18:04:57,738 INFO [NettyClientSelector_1][Slf4jLoggerFactory.java:95] - closeChannel: close the connection to remote address[] result: true
[wanxinp2p-consumer-service][${env:SERVER_PORT}] 2022-05-21 18:05:27,730 INFO [NettyClientSelector_1][Slf4jLoggerFactory.java:95] - closeChannel: close the connection to remote address[] result: true
[wanxinp2p-consumer-service][${env:SERVER_PORT}] 2022-05-21 18:05:27,743 INFO [NettyClientSelector_1][Slf4jLoggerFactory.java:95] - closeChannel: close the connection to remote address[] result: true
[wanxinp2p-consumer-service][${env:SERVER_PORT}] 2022-05-21 18:05:57,731 INFO [NettyClientSelector_1][Slf4jLoggerFactory.java:95] - closeChannel: close the connection to remote address[] result: true
[wanxinp2p-consumer-service][${env:SERVER_PORT}] 2022-05-21 18:05:57,744 INFO [NettyClientSelector_1][Slf4jLoggerFactory.java:95] - closeChannel: close the connection to remote address[] result: true
[wanxinp2p-consumer-service][${env:SERVER_PORT}] 2022-05-21 18:06:27,732 INFO [NettyClientSelector_1][Slf4jLoggerFactory.java:95] - closeChannel: close the connection to remote address[] result: true
[wanxinp2p-consumer-service][${env:SERVER_PORT}] 2022-05-21 18:06:27,742 INFO [NettyClientSelector_1][Slf4jLoggerFactory.java:95] - closeChannel: close the connection to remote address[] result: true
[wanxinp2p-consumer-service][${env:SERVER_PORT}] 2022-05-21 18:06:57,734 INFO [NettyClientSelector_1][Slf4jLoggerFactory.java:95] - closeChannel: close the connection to remote address[] result: true
[wanxinp2p-consumer-service][${env:SERVER_PORT}] 2022-05-21 18:06:57,743 INFO [NettyClientSelector_1][Slf4jLoggerFactory.java:95] - closeChannel: close the connection to remote address[] result: true
[wanxinp2p-consumer-service][${env:SERVER_PORT}] 2022-05-21 18:07:27,735 INFO [NettyClientSelector_1][Slf4jLoggerFactory.java:95] - closeChannel: close the connection to remote address[] result: true
[wanxinp2p-consumer-service][${env:SERVER_PORT}] 2022-05-21 18:07:27,743 INFO [NettyClientSelector_1][Slf4jLoggerFactory.java:95] - closeChannel: close the connection to remote address[] result: true
[wanxinp2p-consumer-service][${env:SERVER_PORT}] 2022-05-21 18:07:34,201 INFO [AsyncResolver-bootstrap-executor-0][ConfigClusterResolver.java:43] - Resolving eureka endpoints via configuration
[wanxinp2p-consumer-service][${env:SERVER_PORT}] 2022-05-21 18:07:57,739 INFO [NettyClientSelector_1][Slf4jLoggerFactory.java:95] - closeChannel: close the connection to remote address[] result: true
[wanxinp2p-consumer-service][${env:SERVER_PORT}] 2022-05-21 18:07:57,751 INFO [NettyClientSelector_1][Slf4jLoggerFactory.java:95] - closeChannel: close the connection to remote address[] result: true
[wanxinp2p-consumer-service][${env:SERVER_PORT}] 2022-05-21 18:08:27,736 INFO [NettyClientSelector_1][Slf4jLoggerFactory.java:95] - closeChannel: close the connection to remote address[] result: true
[wanxinp2p-consumer-service][${env:SERVER_PORT}] 2022-05-21 18:08:27,751 INFO [NettyClientSelector_1][Slf4jLoggerFactory.java:95] - closeChannel: close the connection to remote address[] result: true
[wanxinp2p-consumer-service][${env:SERVER_PORT}] 2022-05-21 18:08:57,742 INFO [NettyClientSelector_1][Slf4jLoggerFactory.java:95] - closeChannel: close the connection to remote address[] result: true
[wanxinp2p-consumer-service][${env:SERVER_PORT}] 2022-05-21 18:08:57,750 INFO [NettyClientSelector_1][Slf4jLoggerFactory.java:95] - closeChannel: close the connection to remote address[] result: true
[wanxinp2p-consumer-service][${env:SERVER_PORT}] 2022-05-21 18:09:27,740 INFO [NettyClientSelector_1][Slf4jLoggerFactory.java:95] - closeChannel: close the connection to remote address[] result: true
[wanxinp2p-consumer-service][${env:SERVER_PORT}] 2022-05-21 18:09:27,747 INFO [NettyClientSelector_1][Slf4jLoggerFactory.java:95] - closeChannel: close the connection to remote address[] result: true
[wanxinp2p-consumer-service][${env:SERVER_PORT}] 2022-05-21 18:09:57,739 INFO [NettyClientSelector_1][Slf4jLoggerFactory.java:95] - closeChannel: close the connection to remote address[] result: true
[wanxinp2p-consumer-service][${env:SERVER_PORT}] 2022-05-21 18:09:57,746 INFO [NettyClientSelector_1][Slf4jLoggerFactory.java:95] - closeChannel: close the connection to remote address[] result: true
[wanxinp2p-consumer-service][${env:SERVER_PORT}] 2022-05-21 18:10:27,742 INFO [NettyClientSelector_1][Slf4jLoggerFactory.java:95] - closeChannel: close the connection to remote address[] result: true
[wanxinp2p-consumer-service][${env:SERVER_PORT}] 2022-05-21 18:10:27,750 INFO [NettyClientSelector_1][Slf4jLoggerFactory.java:95] - closeChannel: close the connection to remote address[] result: true
[wanxinp2p-consumer-service][${env:SERVER_PORT}] 2022-05-21 18:10:57,742 INFO [NettyClientSelector_1][Slf4jLoggerFactory.java:95] - closeChannel: close the connection to remote address[] result: true
[wanxinp2p-consumer-service][${env:SERVER_PORT}] 2022-05-21 18:10:57,750 INFO [NettyClientSelector_1][Slf4jLoggerFactory.java:95] - closeChannel: close the connection to remote address[] result: true
[wanxinp2p-consumer-service][${env:SERVER_PORT}] 2022-05-21 18:11:27,744 INFO [NettyClientSelector_1][Slf4jLoggerFactory.java:95] - closeChannel: close the connection to remote address[] result: true
[wanxinp2p-consumer-service][${env:SERVER_PORT}] 2022-05-21 18:11:27,756 INFO [NettyClientSelector_1][Slf4jLoggerFactory.java:95] - closeChannel: close the connection to remote address[] result: true
[wanxinp2p-consumer-service][${env:SERVER_PORT}] 2022-05-21 18:11:57,747 INFO [NettyClientSelector_1][Slf4jLoggerFactory.java:95] - closeChannel: close the connection to remote address[] result: true
[wanxinp2p-consumer-service][${env:SERVER_PORT}] 2022-05-21 18:11:57,753 INFO [NettyClientSelector_1][Slf4jLoggerFactory.java:95] - closeChannel: close the connection to remote address[] result: true
[wanxinp2p-consumer-service][${env:SERVER_PORT}] 2022-05-21 18:12:27,745 INFO [NettyClientSelector_1][Slf4jLoggerFactory.java:95] - closeChannel: close the connection to remote address[] result: true
[wanxinp2p-consumer-service][${env:SERVER_PORT}] 2022-05-21 18:12:27,757 INFO [NettyClientSelector_1][Slf4jLoggerFactory.java:95] - closeChannel: close the connection to remote address[] result: true
[wanxinp2p-consumer-service][${env:SERVER_PORT}] 2022-05-21 18:12:34,217 INFO [AsyncResolver-bootstrap-executor-0][ConfigClusterResolver.java:43] - Resolving eureka endpoints via configuration
[wanxinp2p-consumer-service][${env:SERVER_PORT}] 2022-05-21 18:12:57,743 INFO [NettyClientSelector_1][Slf4jLoggerFactory.java:95] - closeChannel: close the connection to remote address[] result: true
[wanxinp2p-consumer-service][${env:SERVER_PORT}] 2022-05-21 18:12:57,755 INFO [NettyClientSelector_1][Slf4jLoggerFactory.java:95] - closeChannel: close the connection to remote address[] result: true
[wanxinp2p-consumer-service][${env:SERVER_PORT}] 2022-05-21 18:13:27,745 INFO [NettyClientSelector_1][Slf4jLoggerFactory.java:95] - closeChannel: close the connection to remote address[] result: true
[wanxinp2p-consumer-service][${env:SERVER_PORT}] 2022-05-21 18:13:27,756 INFO [NettyClientSelector_1][Slf4jLoggerFactory.java:95] - closeChannel: close the connection to remote address[] result: true
[wanxinp2p-consumer-service][${env:SERVER_PORT}] 2022-05-21 18:13:57,749 INFO [NettyClientSelector_1][Slf4jLoggerFactory.java:95] - closeChannel: close the connection to remote address[] result: true
[wanxinp2p-consumer-service][${env:SERVER_PORT}] 2022-05-21 18:13:57,759 INFO [NettyClientSelector_1][Slf4jLoggerFactory.java:95] - closeChannel: close the connection to remote address[] result: true
[wanxinp2p-consumer-service][${env:SERVER_PORT}] 2022-05-21 18:14:27,753 INFO [NettyClientSelector_1][Slf4jLoggerFactory.java:95] - closeChannel: close the connection to remote address[] result: true
[wanxinp2p-consumer-service][${env:SERVER_PORT}] 2022-05-21 18:14:27,758 INFO [NettyClientSelector_1][Slf4jLoggerFactory.java:95] - closeChannel: close the connection to remote address[] result: true
[wanxinp2p-consumer-service][${env:SERVER_PORT}] 2022-05-21 18:14:57,747 INFO [NettyClientSelector_1][Slf4jLoggerFactory.java:95] - closeChannel: close the connection to remote address[] result: true
[wanxinp2p-consumer-service][${env:SERVER_PORT}] 2022-05-21 18:14:57,756 INFO [NettyClientSelector_1][Slf4jLoggerFactory.java:95] - closeChannel: close the connection to remote address[] result: true
[wanxinp2p-consumer-service][${env:SERVER_PORT}] 2022-05-21 18:15:27,750 INFO [NettyClientSelector_1][Slf4jLoggerFactory.java:95] - closeChannel: close the connection to remote address[] result: true
[wanxinp2p-consumer-service][${env:SERVER_PORT}] 2022-05-21 18:15:27,758 INFO [NettyClientSelector_1][Slf4jLoggerFactory.java:95] - closeChannel: close the connection to remote address[] result: true
[wanxinp2p-consumer-service][${env:SERVER_PORT}] 2022-05-21 18:15:57,749 INFO [NettyClientSelector_1][Slf4jLoggerFactory.java:95] - closeChannel: close the connection to remote address[] result: true
[wanxinp2p-consumer-service][${env:SERVER_PORT}] 2022-05-21 18:15:57,759 INFO [NettyClientSelector_1][Slf4jLoggerFactory.java:95] - closeChannel: close the connection to remote address[] result: true
[wanxinp2p-consumer-service][${env:SERVER_PORT}] 2022-05-21 18:16:27,750 INFO [NettyClientSelector_1][Slf4jLoggerFactory.java:95] - closeChannel: close the connection to remote address[] result: true
[wanxinp2p-consumer-service][${env:SERVER_PORT}] 2022-05-21 18:16:27,759 INFO [NettyClientSelector_1][Slf4jLoggerFactory.java:95] - closeChannel: close the connection to remote address[] result: true
[wanxinp2p-consumer-service][${env:SERVER_PORT}] 2022-05-21 18:16:57,751 INFO [NettyClientSelector_1][Slf4jLoggerFactory.java:95] - closeChannel: close the connection to remote address[] result: true
[wanxinp2p-consumer-service][${env:SERVER_PORT}] 2022-05-21 18:16:57,759 INFO [NettyClientSelector_1][Slf4jLoggerFactory.java:95] - closeChannel: close the connection to remote address[] result: true
[wanxinp2p-consumer-service][${env:SERVER_PORT}] 2022-05-21 18:17:27,753 INFO [NettyClientSelector_1][Slf4jLoggerFactory.java:95] - closeChannel: close the connection to remote address[] result: true
[wanxinp2p-consumer-service][${env:SERVER_PORT}] 2022-05-21 18:17:27,760 INFO [NettyClientSelector_1][Slf4jLoggerFactory.java:95] - closeChannel: close the connection to remote address[] result: true
[wanxinp2p-consumer-service][${env:SERVER_PORT}] 2022-05-21 18:17:34,234 INFO [AsyncResolver-bootstrap-executor-0][ConfigClusterResolver.java:43] - Resolving eureka endpoints via configuration
[wanxinp2p-consumer-service][${env:SERVER_PORT}] 2022-05-21 18:17:57,753 INFO [NettyClientSelector_1][Slf4jLoggerFactory.java:95] - closeChannel: close the connection to remote address[] result: true
[wanxinp2p-consumer-service][${env:SERVER_PORT}] 2022-05-21 18:17:57,763 INFO [NettyClientSelector_1][Slf4jLoggerFactory.java:95] - closeChannel: close the connection to remote address[] result: true
[wanxinp2p-consumer-service][${env:SERVER_PORT}] 2022-05-21 18:18:27,759 INFO [NettyClientSelector_1][Slf4jLoggerFactory.java:95] - closeChannel: close the connection to remote address[] result: true
[wanxinp2p-consumer-service][${env:SERVER_PORT}] 2022-05-21 18:18:27,764 INFO [NettyClientSelector_1][Slf4jLoggerFactory.java:95] - closeChannel: close the connection to remote address[] result: true
[wanxinp2p-consumer-service][${env:SERVER_PORT}] 2022-05-21 18:18:57,754 INFO [NettyClientSelector_1][Slf4jLoggerFactory.java:95] - closeChannel: close the connection to remote address[] result: true
[wanxinp2p-consumer-service][${env:SERVER_PORT}] 2022-05-21 18:18:57,762 INFO [NettyClientSelector_1][Slf4jLoggerFactory.java:95] - closeChannel: close the connection to remote address[] result: true
[wanxinp2p-consumer-service][${env:SERVER_PORT}] 2022-05-21 18:19:27,757 INFO [NettyClientSelector_1][Slf4jLoggerFactory.java:95] - closeChannel: close the connection to remote address[] result: true
[wanxinp2p-consumer-service][${env:SERVER_PORT}] 2022-05-21 18:19:27,768 INFO [NettyClientSelector_1][Slf4jLoggerFactory.java:95] - closeChannel: close the connection to remote address[] result: true
[wanxinp2p-consumer-service][${env:SERVER_PORT}] 2022-05-21 18:19:57,758 INFO [NettyClientSelector_1][Slf4jLoggerFactory.java:95] - closeChannel: close the connection to remote address[] result: true
[wanxinp2p-consumer-service][${env:SERVER_PORT}] 2022-05-21 18:19:57,767 INFO [NettyClientSelector_1][Slf4jLoggerFactory.java:95] - closeChannel: close the connection to remote address[] result: true
[wanxinp2p-consumer-service][${env:SERVER_PORT}] 2022-05-21 18:20:27,758 INFO [NettyClientSelector_1][Slf4jLoggerFactory.java:95] - closeChannel: close the connection to remote address[] result: true
[wanxinp2p-consumer-service][${env:SERVER_PORT}] 2022-05-21 18:20:27,769 INFO [NettyClientSelector_1][Slf4jLoggerFactory.java:95] - closeChannel: close the connection to remote address[] result: true
[wanxinp2p-consumer-service][${env:SERVER_PORT}] 2022-05-21 18:20:57,821 INFO [NettyClientSelector_1][Slf4jLoggerFactory.java:95] - closeChannel: close the connection to remote address[] result: true
[wanxinp2p-consumer-service][${env:SERVER_PORT}] 2022-05-21 18:20:57,822 INFO [NettyClientSelector_1][Slf4jLoggerFactory.java:95] - closeChannel: close the connection to remote address[] result: true
[wanxinp2p-consumer-service][${env:SERVER_PORT}] 2022-05-21 18:21:27,761 INFO [NettyClientSelector_1][Slf4jLoggerFactory.java:95] - closeChannel: close the connection to remote address[] result: true
[wanxinp2p-consumer-service][${env:SERVER_PORT}] 2022-05-21 18:21:27,769 INFO [NettyClientSelector_1][Slf4jLoggerFactory.java:95] - closeChannel: close the connection to remote address[] result: true
[wanxinp2p-consumer-service][${env:SERVER_PORT}] 2022-05-21 18:21:57,764 INFO [NettyClientSelector_1][Slf4jLoggerFactory.java:95] - closeChannel: close the connection to remote address[] result: true
[wanxinp2p-consumer-service][${env:SERVER_PORT}] 2022-05-21 18:21:57,769 INFO [NettyClientSelector_1][Slf4jLoggerFactory.java:95] - closeChannel: close the connection to remote address[] result: true
[wanxinp2p-consumer-service][${env:SERVER_PORT}] 2022-05-21 18:22:27,762 INFO [NettyClientSelector_1][Slf4jLoggerFactory.java:95] - closeChannel: close the connection to remote address[] result: true
[wanxinp2p-consumer-service][${env:SERVER_PORT}] 2022-05-21 18:22:27,771 INFO [NettyClientSelector_1][Slf4jLoggerFactory.java:95] - closeChannel: close the connection to remote address[] result: true
[wanxinp2p-consumer-service][${env:SERVER_PORT}] 2022-05-21 18:22:34,251 INFO [AsyncResolver-bootstrap-executor-0][ConfigClusterResolver.java:43] - Resolving eureka endpoints via configuration
[wanxinp2p-consumer-service][${env:SERVER_PORT}] 2022-05-21 18:22:57,762 INFO [NettyClientSelector_1][Slf4jLoggerFactory.java:95] - closeChannel: close the connection to remote address[] result: true
[wanxinp2p-consumer-service][${env:SERVER_PORT}] 2022-05-21 18:22:57,773 INFO [NettyClientSelector_1][Slf4jLoggerFactory.java:95] - closeChannel: close the connection to remote address[] result: true
[wanxinp2p-consumer-service][${env:SERVER_PORT}] 2022-05-21 18:23:27,763 INFO [NettyClientSelector_1][Slf4jLoggerFactory.java:95] - closeChannel: close the connection to remote address[] result: true
[wanxinp2p-consumer-service][${env:SERVER_PORT}] 2022-05-21 18:23:27,773 INFO [NettyClientSelector_1][Slf4jLoggerFactory.java:95] - closeChannel: close the connection to remote address[] result: true
[wanxinp2p-consumer-service][${env:SERVER_PORT}] 2022-05-21 18:23:57,763 INFO [NettyClientSelector_1][Slf4jLoggerFactory.java:95] - closeChannel: close the connection to remote address[] result: true
[wanxinp2p-consumer-service][${env:SERVER_PORT}] 2022-05-21 18:23:57,776 INFO [NettyClientSelector_1][Slf4jLoggerFactory.java:95] - closeChannel: close the connection to remote address[] result: true
[wanxinp2p-consumer-service][${env:SERVER_PORT}] 2022-05-21 18:24:27,769 INFO [NettyClientSelector_1][Slf4jLoggerFactory.java:95] - closeChannel: close the connection to remote address[] result: true
[wanxinp2p-consumer-service][${env:SERVER_PORT}] 2022-05-21 18:24:27,774 INFO [NettyClientSelector_1][Slf4jLoggerFactory.java:95] - closeChannel: close the connection to remote address[] result: true
[wanxinp2p-consumer-service][${env:SERVER_PORT}] 2022-05-21 18:24:57,766 INFO [NettyClientSelector_1][Slf4jLoggerFactory.java:95] - closeChannel: close the connection to remote address[] result: true
[wanxinp2p-consumer-service][${env:SERVER_PORT}] 2022-05-21 18:24:57,774 INFO [NettyClientSelector_1][Slf4jLoggerFactory.java:95] - closeChannel: close the connection to remote address[] result: true
[wanxinp2p-consumer-service][${env:SERVER_PORT}] 2022-05-21 18:25:27,773 INFO [NettyClientSelector_1][Slf4jLoggerFactory.java:95] - closeChannel: close the connection to remote address[] result: true
[wanxinp2p-consumer-service][${env:SERVER_PORT}] 2022-05-21 18:25:27,776 INFO [NettyClientSelector_1][Slf4jLoggerFactory.java:95] - closeChannel: close the connection to remote address[] result: true
[wanxinp2p-consumer-service][${env:SERVER_PORT}] 2022-05-21 18:25:57,768 INFO [NettyClientSelector_1][Slf4jLoggerFactory.java:95] - closeChannel: close the connection to remote address[] result: true
[wanxinp2p-consumer-service][${env:SERVER_PORT}] 2022-05-21 18:25:57,774 INFO [NettyClientSelector_1][Slf4jLoggerFactory.java:95] - closeChannel: close the connection to remote address[] result: true
[wanxinp2p-consumer-service][${env:SERVER_PORT}] 2022-05-21 18:26:27,768 INFO [NettyClientSelector_1][Slf4jLoggerFactory.java:95] - closeChannel: close the connection to remote address[] result: true
[wanxinp2p-consumer-service][${env:SERVER_PORT}] 2022-05-21 18:26:27,779 INFO [NettyClientSelector_1][Slf4jLoggerFactory.java:95] - closeChannel: close the connection to remote address[] result: true
[wanxinp2p-consumer-service][${env:SERVER_PORT}] 2022-05-21 18:26:57,771 INFO [NettyClientSelector_1][Slf4jLoggerFactory.java:95] - closeChannel: close the connection to remote address[] result: true
[wanxinp2p-consumer-service][${env:SERVER_PORT}] 2022-05-21 18:26:57,778 INFO [NettyClientSelector_1][Slf4jLoggerFactory.java:95] - closeChannel: close the connection to remote address[] result: true
[wanxinp2p-consumer-service][${env:SERVER_PORT}] 2022-05-21 18:27:27,769 INFO [NettyClientSelector_1][Slf4jLoggerFactory.java:95] - closeChannel: close the connection to remote address[] result: true
[wanxinp2p-consumer-service][${env:SERVER_PORT}] 2022-05-21 18:27:27,780 INFO [NettyClientSelector_1][Slf4jLoggerFactory.java:95] - closeChannel: close the connection to remote address[] result: true
[wanxinp2p-consumer-service][${env:SERVER_PORT}] 2022-05-21 18:27:34,265 INFO [AsyncResolver-bootstrap-executor-0][ConfigClusterResolver.java:43] - Resolving eureka endpoints via configuration
[wanxinp2p-consumer-service][${env:SERVER_PORT}] 2022-05-21 18:27:57,771 INFO [NettyClientSelector_1][Slf4jLoggerFactory.java:95] - closeChannel: close the connection to remote address[] result: true
[wanxinp2p-consumer-service][${env:SERVER_PORT}] 2022-05-21 18:27:57,780 INFO [NettyClientSelector_1][Slf4jLoggerFactory.java:95] - closeChannel: close the connection to remote address[] result: true
[wanxinp2p-consumer-service][${env:SERVER_PORT}] 2022-05-21 18:28:27,772 INFO [NettyClientSelector_1][Slf4jLoggerFactory.java:95] - closeChannel: close the connection to remote address[] result: true
[wanxinp2p-consumer-service][${env:SERVER_PORT}] 2022-05-21 18:28:27,780 INFO [NettyClientSelector_1][Slf4jLoggerFactory.java:95] - closeChannel: close the connection to remote address[] result: true
[wanxinp2p-consumer-service][${env:SERVER_PORT}] 2022-05-21 18:28:57,772 INFO [NettyClientSelector_1][Slf4jLoggerFactory.java:95] - closeChannel: close the connection to remote address[] result: true
[wanxinp2p-consumer-service][${env:SERVER_PORT}] 2022-05-21 18:28:57,782 INFO [NettyClientSelector_1][Slf4jLoggerFactory.java:95] - closeChannel: close the connection to remote address[] result: true
[wanxinp2p-consumer-service][${env:SERVER_PORT}] 2022-05-21 18:29:27,773 INFO [NettyClientSelector_1][Slf4jLoggerFactory.java:95] - closeChannel: close the connection to remote address[] result: true
[wanxinp2p-consumer-service][${env:SERVER_PORT}] 2022-05-21 18:29:27,781 INFO [NettyClientSelector_1][Slf4jLoggerFactory.java:95] - closeChannel: close the connection to remote address[] result: true
[wanxinp2p-consumer-service][${env:SERVER_PORT}] 2022-05-21 18:29:57,774 INFO [NettyClientSelector_1][Slf4jLoggerFactory.java:95] - closeChannel: close the connection to remote address[] result: true
[wanxinp2p-consumer-service][${env:SERVER_PORT}] 2022-05-21 18:29:57,783 INFO [NettyClientSelector_1][Slf4jLoggerFactory.java:95] - closeChannel: close the connection to remote address[] result: true
[wanxinp2p-consumer-service][${env:SERVER_PORT}] 2022-05-21 18:30:27,776 INFO [NettyClientSelector_1][Slf4jLoggerFactory.java:95] - closeChannel: close the connection to remote address[] result: true
[wanxinp2p-consumer-service][${env:SERVER_PORT}] 2022-05-21 18:30:27,786 INFO [NettyClientSelector_1][Slf4jLoggerFactory.java:95] - closeChannel: close the connection to remote address[] result: true
[wanxinp2p-consumer-service][${env:SERVER_PORT}] 2022-05-21 18:30:57,777 INFO [NettyClientSelector_1][Slf4jLoggerFactory.java:95] - closeChannel: close the connection to remote address[] result: true
[wanxinp2p-consumer-service][${env:SERVER_PORT}] 2022-05-21 18:30:57,784 INFO [NettyClientSelector_1][Slf4jLoggerFactory.java:95] - closeChannel: close the connection to remote address[] result: true
[wanxinp2p-consumer-service][${env:SERVER_PORT}] 2022-05-21 18:31:27,778 INFO [NettyClientSelector_1][Slf4jLoggerFactory.java:95] - closeChannel: close the connection to remote address[] result: true
[wanxinp2p-consumer-service][${env:SERVER_PORT}] 2022-05-21 18:31:27,788 INFO [NettyClientSelector_1][Slf4jLoggerFactory.java:95] - closeChannel: close the connection to remote address[] result: true
[wanxinp2p-consumer-service][${env:SERVER_PORT}] 2022-05-21 18:31:57,780 INFO [NettyClientSelector_1][Slf4jLoggerFactory.java:95] - closeChannel: close the connection to remote address[] result: true
[wanxinp2p-consumer-service][${env:SERVER_PORT}] 2022-05-21 18:31:57,787 INFO [NettyClientSelector_1][Slf4jLoggerFactory.java:95] - closeChannel: close the connection to remote address[] result: true
[wanxinp2p-consumer-service][${env:SERVER_PORT}] 2022-05-21 18:32:27,778 INFO [NettyClientSelector_1][Slf4jLoggerFactory.java:95] - closeChannel: close the connection to remote address[] result: true
[wanxinp2p-consumer-service][${env:SERVER_PORT}] 2022-05-21 18:32:27,788 INFO [NettyClientSelector_1][Slf4jLoggerFactory.java:95] - closeChannel: close the connection to remote address[] result: true
[wanxinp2p-consumer-service][${env:SERVER_PORT}] 2022-05-21 18:32:34,280 INFO [AsyncResolver-bootstrap-executor-0][ConfigClusterResolver.java:43] - Resolving eureka endpoints via configuration
[wanxinp2p-consumer-service][${env:SERVER_PORT}] 2022-05-21 18:32:57,782 INFO [NettyClientSelector_1][Slf4jLoggerFactory.java:95] - closeChannel: close the connection to remote address[] result: true
[wanxinp2p-consumer-service][${env:SERVER_PORT}] 2022-05-21 18:32:57,791 INFO [NettyClientSelector_1][Slf4jLoggerFactory.java:95] - closeChannel: close the connection to remote address[] result: true
[wanxinp2p-consumer-service][${env:SERVER_PORT}] 2022-05-21 18:33:27,780 INFO [NettyClientSelector_1][Slf4jLoggerFactory.java:95] - closeChannel: close the connection to remote address[] result: true
[wanxinp2p-consumer-service][${env:SERVER_PORT}] 2022-05-21 18:33:27,791 INFO [NettyClientSelector_1][Slf4jLoggerFactory.java:95] - closeChannel: close the connection to remote address[] result: true
[wanxinp2p-consumer-service][${env:SERVER_PORT}] 2022-05-21 18:33:57,782 INFO [NettyClientSelector_1][Slf4jLoggerFactory.java:95] - closeChannel: close the connection to remote address[] result: true
[wanxinp2p-consumer-service][${env:SERVER_PORT}] 2022-05-21 18:33:57,792 INFO [NettyClientSelector_1][Slf4jLoggerFactory.java:95] - closeChannel: close the connection to remote address[] result: true
[wanxinp2p-consumer-service][${env:SERVER_PORT}] 2022-05-21 18:34:27,786 INFO [NettyClientSelector_1][Slf4jLoggerFactory.java:95] - closeChannel: close the connection to remote address[] result: true
[wanxinp2p-consumer-service][${env:SERVER_PORT}] 2022-05-21 18:34:27,793 INFO [NettyClientSelector_1][Slf4jLoggerFactory.java:95] - closeChannel: close the connection to remote address[] result: true
[wanxinp2p-consumer-service][${env:SERVER_PORT}] 2022-05-21 18:34:57,787 INFO [NettyClientSelector_1][Slf4jLoggerFactory.java:95] - closeChannel: close the connection to remote address[] result: true
[wanxinp2p-consumer-service][${env:SERVER_PORT}] 2022-05-21 18:34:57,794 INFO [NettyClientSelector_1][Slf4jLoggerFactory.java:95] - closeChannel: close the connection to remote address[] result: true
[wanxinp2p-consumer-service][${env:SERVER_PORT}] 2022-05-21 18:35:27,787 INFO [NettyClientSelector_1][Slf4jLoggerFactory.java:95] - closeChannel: close the connection to remote address[] result: true
[wanxinp2p-consumer-service][${env:SERVER_PORT}] 2022-05-21 18:35:27,796 INFO [NettyClientSelector_1][Slf4jLoggerFactory.java:95] - closeChannel: close the connection to remote address[] result: true
[wanxinp2p-consumer-service][${env:SERVER_PORT}] 2022-05-21 18:35:57,786 INFO [NettyClientSelector_1][Slf4jLoggerFactory.java:95] - closeChannel: close the connection to remote address[] result: true
[wanxinp2p-consumer-service][${env:SERVER_PORT}] 2022-05-21 18:35:57,795 INFO [NettyClientSelector_1][Slf4jLoggerFactory.java:95] - closeChannel: close the connection to remote address[] result: true
[wanxinp2p-consumer-service][${env:SERVER_PORT}] 2022-05-21 18:36:25,550 INFO [NettyClientSelector_1][Slf4jLoggerFactory.java:95] - closeChannel: close the connection to remote address[] result: true
[wanxinp2p-consumer-service][${env:SERVER_PORT}] 2022-05-21 18:36:25,558 INFO [NettyClientSelector_1][Slf4jLoggerFactory.java:95] - closeChannel: close the connection to remote address[] result: true
[wanxinp2p-consumer-service][${env:SERVER_PORT}] 2022-05-21 18:36:55,550 INFO [NettyClientSelector_1][Slf4jLoggerFactory.java:95] - closeChannel: close the connection to remote address[] result: true
[wanxinp2p-consumer-service][${env:SERVER_PORT}] 2022-05-21 18:36:55,573 INFO [NettyClientSelector_1][Slf4jLoggerFactory.java:95] - closeChannel: close the connection to remote address[] result: true
[wanxinp2p-consumer-service][${env:SERVER_PORT}] 2022-05-21 18:37:25,552 INFO [NettyClientSelector_1][Slf4jLoggerFactory.java:95] - closeChannel: close the connection to remote address[] result: true
[wanxinp2p-consumer-service][${env:SERVER_PORT}] 2022-05-21 18:37:25,559 INFO [NettyClientSelector_1][Slf4jLoggerFactory.java:95] - closeChannel: close the connection to remote address[] result: true
[wanxinp2p-consumer-service][${env:SERVER_PORT}] 2022-05-21 18:37:32,057 INFO [AsyncResolver-bootstrap-executor-0][ConfigClusterResolver.java:43] - Resolving eureka endpoints via configuration
[wanxinp2p-consumer-service][${env:SERVER_PORT}] 2022-05-21 18:37:55,553 INFO [NettyClientSelector_1][Slf4jLoggerFactory.java:95] - closeChannel: close the connection to remote address[] result: true
[wanxinp2p-consumer-service][${env:SERVER_PORT}] 2022-05-21 18:37:55,561 INFO [NettyClientSelector_1][Slf4jLoggerFactory.java:95] - closeChannel: close the connection to remote address[] result: true
[wanxinp2p-consumer-service][${env:SERVER_PORT}] 2022-05-21 18:38:25,553 INFO [NettyClientSelector_1][Slf4jLoggerFactory.java:95] - closeChannel: close the connection to remote address[] result: true
[wanxinp2p-consumer-service][${env:SERVER_PORT}] 2022-05-21 18:38:25,561 INFO [NettyClientSelector_1][Slf4jLoggerFactory.java:95] - closeChannel: close the connection to remote address[] result: true
[wanxinp2p-consumer-service][${env:SERVER_PORT}] 2022-05-21 18:38:55,553 INFO [NettyClientSelector_1][Slf4jLoggerFactory.java:95] - closeChannel: close the connection to remote address[] result: true
[wanxinp2p-consumer-service][${env:SERVER_PORT}] 2022-05-21 18:38:55,563 INFO [NettyClientSelector_1][Slf4jLoggerFactory.java:95] - closeChannel: close the connection to remote address[] result: true
[wanxinp2p-consumer-service][${env:SERVER_PORT}] 2022-05-21 18:39:25,555 INFO [NettyClientSelector_1][Slf4jLoggerFactory.java:95] - closeChannel: close the connection to remote address[] result: true
[wanxinp2p-consumer-service][${env:SERVER_PORT}] 2022-05-21 18:39:25,565 INFO [NettyClientSelector_1][Slf4jLoggerFactory.java:95] - closeChannel: close the connection to remote address[] result: true
[wanxinp2p-consumer-service][${env:SERVER_PORT}] 2022-05-21 18:39:55,555 INFO [NettyClientSelector_1][Slf4jLoggerFactory.java:95] - closeChannel: close the connection to remote address[] result: true
[wanxinp2p-consumer-service][${env:SERVER_PORT}] 2022-05-21 18:39:55,564 INFO [NettyClientSelector_1][Slf4jLoggerFactory.java:95] - closeChannel: close the connection to remote address[] result: true
[wanxinp2p-consumer-service][${env:SERVER_PORT}] 2022-05-21 18:40:25,557 INFO [NettyClientSelector_1][Slf4jLoggerFactory.java:95] - closeChannel: close the connection to remote address[] result: true
[wanxinp2p-consumer-service][${env:SERVER_PORT}] 2022-05-21 18:40:25,566 INFO [NettyClientSelector_1][Slf4jLoggerFactory.java:95] - closeChannel: close the connection to remote address[] result: true
[wanxinp2p-consumer-service][${env:SERVER_PORT}] 2022-05-21 18:40:55,557 INFO [NettyClientSelector_1][Slf4jLoggerFactory.java:95] - closeChannel: close the connection to remote address[] result: true
[wanxinp2p-consumer-service][${env:SERVER_PORT}] 2022-05-21 18:40:55,565 INFO [NettyClientSelector_1][Slf4jLoggerFactory.java:95] - closeChannel: close the connection to remote address[] result: true
[wanxinp2p-consumer-service][${env:SERVER_PORT}] 2022-05-21 18:41:25,558 INFO [NettyClientSelector_1][Slf4jLoggerFactory.java:95] - closeChannel: close the connection to remote address[] result: true
[wanxinp2p-consumer-service][${env:SERVER_PORT}] 2022-05-21 18:41:25,569 INFO [NettyClientSelector_1][Slf4jLoggerFactory.java:95] - closeChannel: close the connection to remote address[] result: true
[wanxinp2p-consumer-service][${env:SERVER_PORT}] 2022-05-21 18:41:55,563 INFO [NettyClientSelector_1][Slf4jLoggerFactory.java:95] - closeChannel: close the connection to remote address[] result: true
[wanxinp2p-consumer-service][${env:SERVER_PORT}] 2022-05-21 18:41:55,568 INFO [NettyClientSelector_1][Slf4jLoggerFactory.java:95] - closeChannel: close the connection to remote address[] result: true
[wanxinp2p-consumer-service][${env:SERVER_PORT}] 2022-05-21 18:42:25,560 INFO [NettyClientSelector_1][Slf4jLoggerFactory.java:95] - closeChannel: close the connection to remote address[] result: true
[wanxinp2p-consumer-service][${env:SERVER_PORT}] 2022-05-21 18:42:25,569 INFO [NettyClientSelector_1][Slf4jLoggerFactory.java:95] - closeChannel: close the connection to remote address[] result: true
[wanxinp2p-consumer-service][${env:SERVER_PORT}] 2022-05-21 18:42:32,070 INFO [AsyncResolver-bootstrap-executor-0][ConfigClusterResolver.java:43] - Resolving eureka endpoints via configuration
[wanxinp2p-consumer-service][${env:SERVER_PORT}] 2022-05-21 18:42:55,608 INFO [NettyClientSelector_1][Slf4jLoggerFactory.java:95] - closeChannel: close the connection to remote address[] result: true
[wanxinp2p-consumer-service][${env:SERVER_PORT}] 2022-05-21 18:42:55,608 INFO [NettyClientSelector_1][Slf4jLoggerFactory.java:95] - closeChannel: close the connection to remote address[] result: true
[wanxinp2p-consumer-service][${env:SERVER_PORT}] 2022-05-21 18:43:25,574 INFO [NettyClientSelector_1][Slf4jLoggerFactory.java:95] - closeChannel: close the connection to remote address[] result: true
[wanxinp2p-consumer-service][${env:SERVER_PORT}] 2022-05-21 18:43:25,584 INFO [NettyClientSelector_1][Slf4jLoggerFactory.java:95] - closeChannel: close the connection to remote address[] result: true
[wanxinp2p-consumer-service][${env:SERVER_PORT}] 2022-05-21 18:43:55,563 INFO [NettyClientSelector_1][Slf4jLoggerFactory.java:95] - closeChannel: close the connection to remote address[] result: true
[wanxinp2p-consumer-service][${env:SERVER_PORT}] 2022-05-21 18:43:55,574 INFO [NettyClientSelector_1][Slf4jLoggerFactory.java:95] - closeChannel: close the connection to remote address[] result: true
[wanxinp2p-consumer-service][${env:SERVER_PORT}] 2022-05-21 18:44:25,568 INFO [NettyClientSelector_1][Slf4jLoggerFactory.java:95] - closeChannel: close the connection to remote address[] result: true
[wanxinp2p-consumer-service][${env:SERVER_PORT}] 2022-05-21 18:44:25,573 INFO [NettyClientSelector_1][Slf4jLoggerFactory.java:95] - closeChannel: close the connection to remote address[] result: true
[wanxinp2p-consumer-service][${env:SERVER_PORT}] 2022-05-21 18:44:55,567 INFO [NettyClientSelector_1][Slf4jLoggerFactory.java:95] - closeChannel: close the connection to remote address[] result: true
[wanxinp2p-consumer-service][${env:SERVER_PORT}] 2022-05-21 18:44:55,582 INFO [NettyClientSelector_1][Slf4jLoggerFactory.java:95] - closeChannel: close the connection to remote address[] result: true
[wanxinp2p-consumer-service][${env:SERVER_PORT}] 2022-05-21 18:45:25,565 INFO [NettyClientSelector_1][Slf4jLoggerFactory.java:95] - closeChannel: close the connection to remote address[] result: true
[wanxinp2p-consumer-service][${env:SERVER_PORT}] 2022-05-21 18:45:25,575 INFO [NettyClientSelector_1][Slf4jLoggerFactory.java:95] - closeChannel: close the connection to remote address[] result: true
[wanxinp2p-consumer-service][${env:SERVER_PORT}] 2022-05-21 18:45:55,568 INFO [NettyClientSelector_1][Slf4jLoggerFactory.java:95] - closeChannel: close the connection to remote address[] result: true
[wanxinp2p-consumer-service][${env:SERVER_PORT}] 2022-05-21 18:45:55,575 INFO [NettyClientSelector_1][Slf4jLoggerFactory.java:95] - closeChannel: close the connection to remote address[] result: true
[wanxinp2p-consumer-service][${env:SERVER_PORT}] 2022-05-21 18:46:25,572 INFO [NettyClientSelector_1][Slf4jLoggerFactory.java:95] - closeChannel: close the connection to remote address[] result: true
[wanxinp2p-consumer-service][${env:SERVER_PORT}] 2022-05-21 18:46:25,593 INFO [NettyClientSelector_1][Slf4jLoggerFactory.java:95] - closeChannel: close the connection to remote address[] result: true
[wanxinp2p-consumer-service][${env:SERVER_PORT}] 2022-05-21 18:46:55,571 INFO [NettyClientSelector_1][Slf4jLoggerFactory.java:95] - closeChannel: close the connection to remote address[] result: true
[wanxinp2p-consumer-service][${env:SERVER_PORT}] 2022-05-21 18:46:55,579 INFO [NettyClientSelector_1][Slf4jLoggerFactory.java:95] - closeChannel: close the connection to remote address[] result: true
[wanxinp2p-consumer-service][${env:SERVER_PORT}] 2022-05-21 18:47:25,570 INFO [NettyClientSelector_1][Slf4jLoggerFactory.java:95] - closeChannel: close the connection to remote address[] result: true
[wanxinp2p-consumer-service][${env:SERVER_PORT}] 2022-05-21 18:47:25,577 INFO [NettyClientSelector_1][Slf4jLoggerFactory.java:95] - closeChannel: close the connection to remote address[] result: true
[wanxinp2p-consumer-service][${env:SERVER_PORT}] 2022-05-21 18:47:32,085 INFO [AsyncResolver-bootstrap-executor-0][ConfigClusterResolver.java:43] - Resolving eureka endpoints via configuration
[wanxinp2p-consumer-service][${env:SERVER_PORT}] 2022-05-21 18:47:55,572 INFO [NettyClientSelector_1][Slf4jLoggerFactory.java:95] - closeChannel: close the connection to remote address[] result: true
[wanxinp2p-consumer-service][${env:SERVER_PORT}] 2022-05-21 18:47:55,581 INFO [NettyClientSelector_1][Slf4jLoggerFactory.java:95] - closeChannel: close the connection to remote address[] result: true
[wanxinp2p-consumer-service][${env:SERVER_PORT}] 2022-05-21 18:48:25,572 INFO [NettyClientSelector_1][Slf4jLoggerFactory.java:95] - closeChannel: close the connection to remote address[] result: true
[wanxinp2p-consumer-service][${env:SERVER_PORT}] 2022-05-21 18:48:25,581 INFO [NettyClientSelector_1][Slf4jLoggerFactory.java:95] - closeChannel: close the connection to remote address[] result: true
[wanxinp2p-consumer-service][${env:SERVER_PORT}] 2022-05-21 18:48:55,572 INFO [NettyClientSelector_1][Slf4jLoggerFactory.java:95] - closeChannel: close the connection to remote address[] result: true
[wanxinp2p-consumer-service][${env:SERVER_PORT}] 2022-05-21 18:48:55,582 INFO [NettyClientSelector_1][Slf4jLoggerFactory.java:95] - closeChannel: close the connection to remote address[] result: true
[wanxinp2p-consumer-service][${env:SERVER_PORT}] 2022-05-21 18:49:25,574 INFO [NettyClientSelector_1][Slf4jLoggerFactory.java:95] - closeChannel: close the connection to remote address[] result: true
[wanxinp2p-consumer-service][${env:SERVER_PORT}] 2022-05-21 18:49:25,584 INFO [NettyClientSelector_1][Slf4jLoggerFactory.java:95] - closeChannel: close the connection to remote address[] result: true
[wanxinp2p-consumer-service][${env:SERVER_PORT}] 2022-05-21 18:49:55,593 INFO [NettyClientSelector_1][Slf4jLoggerFactory.java:95] - closeChannel: close the connection to remote address[] result: true
[wanxinp2p-consumer-service][${env:SERVER_PORT}] 2022-05-21 18:49:55,594 INFO [NettyClientSelector_1][Slf4jLoggerFactory.java:95] - closeChannel: close the connection to remote address[] result: true
[wanxinp2p-consumer-service][${env:SERVER_PORT}] 2022-05-21 18:50:25,576 INFO [NettyClientSelector_1][Slf4jLoggerFactory.java:95] - closeChannel: close the connection to remote address[] result: true
[wanxinp2p-consumer-service][${env:SERVER_PORT}] 2022-05-21 18:50:25,586 INFO [NettyClientSelector_1][Slf4jLoggerFactory.java:95] - closeChannel: close the connection to remote address[] result: true
[wanxinp2p-consumer-service][${env:SERVER_PORT}] 2022-05-21 18:50:55,577 INFO [NettyClientSelector_1][Slf4jLoggerFactory.java:95] - closeChannel: close the connection to remote address[] result: true
[wanxinp2p-consumer-service][${env:SERVER_PORT}] 2022-05-21 18:50:55,586 INFO [NettyClientSelector_1][Slf4jLoggerFactory.java:95] - closeChannel: close the connection to remote address[] result: true
[wanxinp2p-consumer-service][${env:SERVER_PORT}] 2022-05-21 18:51:25,578 INFO [NettyClientSelector_1][Slf4jLoggerFactory.java:95] - closeChannel: close the connection to remote address[] result: true
[wanxinp2p-consumer-service][${env:SERVER_PORT}] 2022-05-21 18:51:25,588 INFO [NettyClientSelector_1][Slf4jLoggerFactory.java:95] - closeChannel: close the connection to remote address[] result: true
[wanxinp2p-consumer-service][${env:SERVER_PORT}] 2022-05-21 18:51:55,581 INFO [NettyClientSelector_1][Slf4jLoggerFactory.java:95] - closeChannel: close the connection to remote address[] result: true
[wanxinp2p-consumer-service][${env:SERVER_PORT}] 2022-05-21 18:51:55,597 INFO [NettyClientSelector_1][Slf4jLoggerFactory.java:95] - closeChannel: close the connection to remote address[] result: true
[wanxinp2p-consumer-service][${env:SERVER_PORT}] 2022-05-21 18:52:25,715 INFO [NettyClientSelector_1][Slf4jLoggerFactory.java:95] - closeChannel: close the connection to remote address[] result: true
[wanxinp2p-consumer-service][${env:SERVER_PORT}] 2022-05-21 18:52:25,725 INFO [NettyClientSelector_1][Slf4jLoggerFactory.java:95] - closeChannel: close the connection to remote address[] result: true
[wanxinp2p-consumer-service][${env:SERVER_PORT}] 2022-05-21 18:52:32,238 INFO [AsyncResolver-bootstrap-executor-0][ConfigClusterResolver.java:43] - Resolving eureka endpoints via configuration
[wanxinp2p-consumer-service][${env:SERVER_PORT}] 2022-05-21 18:52:55,720 INFO [NettyClientSelector_1][Slf4jLoggerFactory.java:95] - closeChannel: close the connection to remote address[] result: true
[wanxinp2p-consumer-service][${env:SERVER_PORT}] 2022-05-21 18:52:55,726 INFO [NettyClientSelector_1][Slf4jLoggerFactory.java:95] - closeChannel: close the connection to remote address[] result: true
[wanxinp2p-consumer-service][${env:SERVER_PORT}] 2022-05-21 18:53:25,716 INFO [NettyClientSelector_1][Slf4jLoggerFactory.java:95] - closeChannel: close the connection to remote address[] result: true
[wanxinp2p-consumer-service][${env:SERVER_PORT}] 2022-05-21 18:53:25,724 INFO [NettyClientSelector_1][Slf4jLoggerFactory.java:95] - closeChannel: close the connection to remote address[] result: true
[wanxinp2p-consumer-service][${env:SERVER_PORT}] 2022-05-21 18:53:55,718 INFO [NettyClientSelector_1][Slf4jLoggerFactory.java:95] - closeChannel: close the connection to remote address[] result: true
[wanxinp2p-consumer-service][${env:SERVER_PORT}] 2022-05-21 18:53:55,728 INFO [NettyClientSelector_1][Slf4jLoggerFactory.java:95] - closeChannel: close the connection to remote address[] result: true
[wanxinp2p-consumer-service][${env:SERVER_PORT}] 2022-05-21 18:54:25,720 INFO [NettyClientSelector_1][Slf4jLoggerFactory.java:95] - closeChannel: close the connection to remote address[] result: true
[wanxinp2p-consumer-service][${env:SERVER_PORT}] 2022-05-21 18:54:25,729 INFO [NettyClientSelector_1][Slf4jLoggerFactory.java:95] - closeChannel: close the connection to remote address[] result: true
[wanxinp2p-consumer-service][${env:SERVER_PORT}] 2022-05-21 18:54:55,724 INFO [NettyClientSelector_1][Slf4jLoggerFactory.java:95] - closeChannel: close the connection to remote address[] result: true
[wanxinp2p-consumer-service][${env:SERVER_PORT}] 2022-05-21 18:54:55,730 INFO [NettyClientSelector_1][Slf4jLoggerFactory.java:95] - closeChannel: close the connection to remote address[] result: true
[wanxinp2p-consumer-service][${env:SERVER_PORT}] 2022-05-21 18:55:25,724 INFO [NettyClientSelector_1][Slf4jLoggerFactory.java:95] - closeChannel: close the connection to remote address[] result: true
[wanxinp2p-consumer-service][${env:SERVER_PORT}] 2022-05-21 18:55:25,750 INFO [NettyClientSelector_1][Slf4jLoggerFactory.java:95] - closeChannel: close the connection to remote address[] result: true
[wanxinp2p-consumer-service][${env:SERVER_PORT}] 2022-05-21 18:55:55,720 INFO [NettyClientSelector_1][Slf4jLoggerFactory.java:95] - closeChannel: close the connection to remote address[] result: true
[wanxinp2p-consumer-service][${env:SERVER_PORT}] 2022-05-21 18:55:55,730 INFO [NettyClientSelector_1][Slf4jLoggerFactory.java:95] - closeChannel: close the connection to remote address[] result: true
[wanxinp2p-consumer-service][${env:SERVER_PORT}] 2022-05-21 18:56:25,724 INFO [NettyClientSelector_1][Slf4jLoggerFactory.java:95] - closeChannel: close the connection to remote address[] result: true
[wanxinp2p-consumer-service][${env:SERVER_PORT}] 2022-05-21 18:56:25,731 INFO [NettyClientSelector_1][Slf4jLoggerFactory.java:95] - closeChannel: close the connection to remote address[] result: true
[wanxinp2p-consumer-service][${env:SERVER_PORT}] 2022-05-21 18:56:55,723 INFO [NettyClientSelector_1][Slf4jLoggerFactory.java:95] - closeChannel: close the connection to remote address[] result: true
[wanxinp2p-consumer-service][${env:SERVER_PORT}] 2022-05-21 18:56:55,732 INFO [NettyClientSelector_1][Slf4jLoggerFactory.java:95] - closeChannel: close the connection to remote address[] result: true
[wanxinp2p-consumer-service][${env:SERVER_PORT}] 2022-05-21 18:57:25,725 INFO [NettyClientSelector_1][Slf4jLoggerFactory.java:95] - closeChannel: close the connection to remote address[] result: true
[wanxinp2p-consumer-service][${env:SERVER_PORT}] 2022-05-21 18:57:25,732 INFO [NettyClientSelector_1][Slf4jLoggerFactory.java:95] - closeChannel: close the connection to remote address[] result: true
[wanxinp2p-consumer-service][${env:SERVER_PORT}] 2022-05-21 18:57:32,252 INFO [AsyncResolver-bootstrap-executor-0][ConfigClusterResolver.java:43] - Resolving eureka endpoints via configuration
[wanxinp2p-consumer-service][${env:SERVER_PORT}] 2022-05-21 18:57:55,725 INFO [NettyClientSelector_1][Slf4jLoggerFactory.java:95] - closeChannel: close the connection to remote address[] result: true
[wanxinp2p-consumer-service][${env:SERVER_PORT}] 2022-05-21 18:57:55,735 INFO [NettyClientSelector_1][Slf4jLoggerFactory.java:95] - closeChannel: close the connection to remote address[] result: true
[wanxinp2p-consumer-service][${env:SERVER_PORT}] 2022-05-21 18:58:25,724 INFO [NettyClientSelector_1][Slf4jLoggerFactory.java:95] - closeChannel: close the connection to remote address[] result: true
[wanxinp2p-consumer-service][${env:SERVER_PORT}] 2022-05-21 18:58:25,733 INFO [NettyClientSelector_1][Slf4jLoggerFactory.java:95] - closeChannel: close the connection to remote address[] result: true
[wanxinp2p-consumer-service][${env:SERVER_PORT}] 2022-05-21 18:58:55,725 INFO [NettyClientSelector_1][Slf4jLoggerFactory.java:95] - closeChannel: close the connection to remote address[] result: true
[wanxinp2p-consumer-service][${env:SERVER_PORT}] 2022-05-21 18:58:55,739 INFO [NettyClientSelector_1][Slf4jLoggerFactory.java:95] - closeChannel: close the connection to remote address[] result: true
[wanxinp2p-consumer-service][${env:SERVER_PORT}] 2022-05-21 18:59:25,726 INFO [NettyClientSelector_1][Slf4jLoggerFactory.java:95] - closeChannel: close the connection to remote address[] result: true
[wanxinp2p-consumer-service][${env:SERVER_PORT}] 2022-05-21 18:59:25,735 INFO [NettyClientSelector_1][Slf4jLoggerFactory.java:95] - closeChannel: close the connection to remote address[] result: true
[wanxinp2p-consumer-service][${env:SERVER_PORT}] 2022-05-21 18:59:55,727 INFO [NettyClientSelector_1][Slf4jLoggerFactory.java:95] - closeChannel: close the connection to remote address[] result: true
[wanxinp2p-consumer-service][${env:SERVER_PORT}] 2022-05-21 18:59:55,736 INFO [NettyClientSelector_1][Slf4jLoggerFactory.java:95] - closeChannel: close the connection to remote address[] result: true
