[${project.name}][${env:SERVER_PORT}] 2022-05-19 20:13:12,706 INFO [main][DefaultApplicationProvider.java:85] - App ID is set to account-service by app.id property from System Property
[${project.name}][${env:SERVER_PORT}] 2022-05-19 20:13:12,713 INFO [main][DefaultServerProvider.java:108] - Environment is set to [dev] by JVM system property 'env'.
[${project.name}][${env:SERVER_PORT}] 2022-05-19 20:13:12,753 WARN [main][DefaultMetaServerProvider.java:39] - Could not find meta server address, because it is not available in neither (1) JVM system property 'apollo.meta', (2) OS env variable 'APOLLO_META' (3) property 'apollo.meta' from server.properties nor (4) property 'apollo.meta' from app.properties
[${project.name}][${env:SERVER_PORT}] 2022-05-19 20:13:12,757 INFO [main][MetaDomainConsts.java:93] - Located meta server address http://localhost:8080 for env DEV from com.ctrip.framework.apollo.core.internals.LegacyMetaServerProvider
[${project.name}][${env:SERVER_PORT}] 2022-05-19 20:13:12,976 WARN [main][RemoteConfigRepository.java:194] - Load config failed, will retry in 1 SECONDS. appId: account-service, cluster: DEFAULT, namespaces: application
[${project.name}][${env:SERVER_PORT}] 2022-05-19 20:13:14,014 WARN [main][AbstractConfigRepository.java:26] - Sync config failed, will retry. Repository class com.ctrip.framework.apollo.internals.RemoteConfigRepository, reason: Load Apollo Config failed - appId: account-service, cluster: DEFAULT, namespace: application, url: http://10.30.44.208:8080/configs/account-service/DEFAULT/application?ip=10.30.44.208 [Cause: [status code: 404] Could not find config for namespace - appId: account-service, cluster: DEFAULT, namespace: application, please check whether the configs are released in Apollo!]
[${project.name}][${env:SERVER_PORT}] 2022-05-19 20:13:14,026 WARN [main][RemoteConfigRepository.java:194] - Load config failed, will retry in 1 SECONDS. appId: account-service, cluster: DEFAULT, namespaces: application
[${project.name}][${env:SERVER_PORT}] 2022-05-19 20:13:15,039 WARN [main][LocalFileConfigRepository.java:167] - Sync config from upstream repository class com.ctrip.framework.apollo.internals.RemoteConfigRepository failed, reason: Load Apollo Config failed - appId: account-service, cluster: DEFAULT, namespace: application, url: http://10.30.44.208:8080/configs/account-service/DEFAULT/application?ip=10.30.44.208 [Cause: [status code: 404] Could not find config for namespace - appId: account-service, cluster: DEFAULT, namespace: application, please check whether the configs are released in Apollo!]
[${project.name}][${env:SERVER_PORT}] 2022-05-19 20:13:15,060 WARN [main][RemoteConfigRepository.java:194] - Load config failed, will retry in 1 SECONDS. appId: account-service, cluster: DEFAULT, namespaces: application
[${project.name}][${env:SERVER_PORT}] 2022-05-19 20:13:16,073 WARN [main][LocalFileConfigRepository.java:167] - Sync config from upstream repository class com.ctrip.framework.apollo.internals.RemoteConfigRepository failed, reason: Load Apollo Config failed - appId: account-service, cluster: DEFAULT, namespace: application, url: http://10.30.44.208:8080/configs/account-service/DEFAULT/application?ip=10.30.44.208&messages=%7B%22details%22%3A%7B%22account-service%2Bdefault%2Bapplication%22%3A432%7D%7D [Cause: [status code: 404] Could not find config for namespace - appId: account-service, cluster: DEFAULT, namespace: application, please check whether the configs are released in Apollo!]
[${project.name}][${env:SERVER_PORT}] 2022-05-19 20:13:16,074 WARN [main][AbstractConfigRepository.java:26] - Sync config failed, will retry. Repository class com.ctrip.framework.apollo.internals.LocalFileConfigRepository, reason: Load config from local config failed! [Cause: Cannot read from local cache file /Users/jack/Documents/alon/wanxin/project/wanxinp2p_apollo/wanxinp2p-account-service/target/classes/config-cache/account-service+DEFAULT+application.properties]
[${project.name}][${env:SERVER_PORT}] 2022-05-19 20:13:16,080 WARN [Apollo-RemoteConfigRepository-1][RemoteConfigRepository.java:194] - Load config failed, will retry in 1 SECONDS. appId: account-service, cluster: DEFAULT, namespaces: application
[${project.name}][${env:SERVER_PORT}] 2022-05-19 20:13:17,091 WARN [Apollo-RemoteConfigRepository-1][RemoteConfigRepository.java:194] - Load config failed, will retry in 1 SECONDS. appId: account-service, cluster: DEFAULT, namespaces: application
[${project.name}][${env:SERVER_PORT}] 2022-05-19 20:13:18,099 WARN [Apollo-RemoteConfigRepository-1][AbstractConfigRepository.java:26] - Sync config failed, will retry. Repository class com.ctrip.framework.apollo.internals.RemoteConfigRepository, reason: Load Apollo Config failed - appId: account-service, cluster: DEFAULT, namespace: application, url: http://10.30.44.208:8080/configs/account-service/DEFAULT/application?ip=10.30.44.208&messages=%7B%22details%22%3A%7B%22account-service%2Bdefault%2Bapplication%22%3A432%7D%7D [Cause: [status code: 404] Could not find config for namespace - appId: account-service, cluster: DEFAULT, namespace: application, please check whether the configs are released in Apollo!]
[${project.name}][${env:SERVER_PORT}] 2022-05-19 20:13:18,104 WARN [main][RemoteConfigRepository.java:194] - Load config failed, will retry in 1 SECONDS. appId: account-service, cluster: DEFAULT, namespaces: application
[${project.name}][${env:SERVER_PORT}] 2022-05-19 20:13:19,117 WARN [main][LocalFileConfigRepository.java:167] - Sync config from upstream repository class com.ctrip.framework.apollo.internals.RemoteConfigRepository failed, reason: Load Apollo Config failed - appId: account-service, cluster: DEFAULT, namespace: application, url: http://10.30.44.208:8080/configs/account-service/DEFAULT/application?ip=10.30.44.208&messages=%7B%22details%22%3A%7B%22account-service%2Bdefault%2Bapplication%22%3A432%7D%7D [Cause: [status code: 404] Could not find config for namespace - appId: account-service, cluster: DEFAULT, namespace: application, please check whether the configs are released in Apollo!]
[${project.name}][${env:SERVER_PORT}] 2022-05-19 20:13:19,118 WARN [main][DefaultConfig.java:61] - Init Apollo Local Config failed - namespace: application, reason: Load config from local config failed! [Cause: Cannot read from local cache file /Users/jack/Documents/alon/wanxin/project/wanxinp2p_apollo/wanxinp2p-account-service/target/classes/config-cache/account-service+DEFAULT+application.properties].
[${project.name}][${env:SERVER_PORT}] 2022-05-19 20:13:19,231 WARN [main][DefaultConfig.java:95] - Could not load config for namespace application from Apollo, please check whether the configs are released in Apollo! Return default value now!
[${project.name}][${env:SERVER_PORT}] 2022-05-19 20:13:19,232 INFO [main][SpringApplication.java:675] - No active profile set, falling back to default profiles: default
[${project.name}][${env:SERVER_PORT}] 2022-05-19 20:13:19,992 INFO [main][RepositoryConfigurationDelegate.java:244] - Multiple Spring Data modules found, entering strict repository configuration mode!
[${project.name}][${env:SERVER_PORT}] 2022-05-19 20:13:19,995 INFO [main][RepositoryConfigurationDelegate.java:126] - Bootstrapping Spring Data repositories in DEFAULT mode.
[${project.name}][${env:SERVER_PORT}] 2022-05-19 20:13:20,015 INFO [main][RepositoryConfigurationDelegate.java:182] - Finished Spring Data repository scanning in 10ms. Found 0 repository interfaces.
[${project.name}][${env:SERVER_PORT}] 2022-05-19 20:13:20,233 WARN [main][EndpointId.java:135] - Endpoint ID 'service-registry' contains invalid characters, please migrate to a valid format.
[${project.name}][${env:SERVER_PORT}] 2022-05-19 20:13:20,309 INFO [main][ConfigurationClassPostProcessor.java:380] - Cannot enhance @Configuration bean definition 'com.ctrip.framework.apollo.spring.boot.ApolloAutoConfiguration' since its singleton instance has been created too early. The typical cause is a non-static @Bean method with a BeanDefinitionRegistryPostProcessor return type: Consider declaring such methods as 'static'.
[${project.name}][${env:SERVER_PORT}] 2022-05-19 20:13:20,425 INFO [main][GenericScope.java:294] - BeanFactory id=e69f35da-f019-34d1-af1b-15634e3c7f12
[${project.name}][${env:SERVER_PORT}] 2022-05-19 20:13:20,446 WARN [main][PropertySourcesDeducer.java:75] - Multiple PropertySourcesPlaceholderConfigurer beans registered [propertySourcesPlaceholderConfigurer, org.springframework.context.support.PropertySourcesPlaceholderConfigurer], falling back to Environment
[${project.name}][${env:SERVER_PORT}] 2022-05-19 20:13:20,464 INFO [main][PostProcessorRegistrationDelegate.java:330] - Bean 'org.apache.rocketmq.spring.autoconfigure.RocketMQAutoConfiguration' of type [org.apache.rocketmq.spring.autoconfigure.RocketMQAutoConfiguration$$EnhancerBySpringCGLIB$$8d829353] is not eligible for getting processed by all BeanPostProcessors (for example: not eligible for auto-proxying)
[${project.name}][${env:SERVER_PORT}] 2022-05-19 20:13:20,473 INFO [main][PostProcessorRegistrationDelegate.java:330] - Bean 'rocketmq-org.apache.rocketmq.spring.autoconfigure.RocketMQProperties' of type [org.apache.rocketmq.spring.autoconfigure.RocketMQProperties] is not eligible for getting processed by all BeanPostProcessors (for example: not eligible for auto-proxying)
[${project.name}][${env:SERVER_PORT}] 2022-05-19 20:13:20,503 INFO [main][PostProcessorRegistrationDelegate.java:330] - Bean 'defaultMQProducer' of type [org.apache.rocketmq.client.producer.DefaultMQProducer] is not eligible for getting processed by all BeanPostProcessors (for example: not eligible for auto-proxying)
[${project.name}][${env:SERVER_PORT}] 2022-05-19 20:13:20,505 INFO [main][PostProcessorRegistrationDelegate.java:330] - Bean 'org.springframework.boot.autoconfigure.jackson.JacksonAutoConfiguration$JacksonObjectMapperConfiguration' of type [org.springframework.boot.autoconfigure.jackson.JacksonAutoConfiguration$JacksonObjectMapperConfiguration$$EnhancerBySpringCGLIB$$c08003e8] is not eligible for getting processed by all BeanPostProcessors (for example: not eligible for auto-proxying)
[${project.name}][${env:SERVER_PORT}] 2022-05-19 20:13:20,508 INFO [main][PostProcessorRegistrationDelegate.java:330] - Bean 'org.springframework.boot.autoconfigure.jackson.JacksonAutoConfiguration$JacksonObjectMapperBuilderConfiguration' of type [org.springframework.boot.autoconfigure.jackson.JacksonAutoConfiguration$JacksonObjectMapperBuilderConfiguration$$EnhancerBySpringCGLIB$$72ccc601] is not eligible for getting processed by all BeanPostProcessors (for example: not eligible for auto-proxying)
[${project.name}][${env:SERVER_PORT}] 2022-05-19 20:13:20,510 INFO [main][PostProcessorRegistrationDelegate.java:330] - Bean 'org.springframework.boot.autoconfigure.jackson.JacksonAutoConfiguration$Jackson2ObjectMapperBuilderCustomizerConfiguration' of type [org.springframework.boot.autoconfigure.jackson.JacksonAutoConfiguration$Jackson2ObjectMapperBuilderCustomizerConfiguration$$EnhancerBySpringCGLIB$$2de3abf0] is not eligible for getting processed by all BeanPostProcessors (for example: not eligible for auto-proxying)
[${project.name}][${env:SERVER_PORT}] 2022-05-19 20:13:20,514 INFO [main][PostProcessorRegistrationDelegate.java:330] - Bean 'spring.jackson-org.springframework.boot.autoconfigure.jackson.JacksonProperties' of type [org.springframework.boot.autoconfigure.jackson.JacksonProperties] is not eligible for getting processed by all BeanPostProcessors (for example: not eligible for auto-proxying)
[${project.name}][${env:SERVER_PORT}] 2022-05-19 20:13:20,516 INFO [main][PostProcessorRegistrationDelegate.java:330] - Bean 'standardJacksonObjectMapperBuilderCustomizer' of type [org.springframework.boot.autoconfigure.jackson.JacksonAutoConfiguration$Jackson2ObjectMapperBuilderCustomizerConfiguration$StandardJackson2ObjectMapperBuilderCustomizer] is not eligible for getting processed by all BeanPostProcessors (for example: not eligible for auto-proxying)
[${project.name}][${env:SERVER_PORT}] 2022-05-19 20:13:20,520 INFO [main][PostProcessorRegistrationDelegate.java:330] - Bean 'org.springframework.boot.autoconfigure.jackson.JacksonAutoConfiguration$ParameterNamesModuleConfiguration' of type [org.springframework.boot.autoconfigure.jackson.JacksonAutoConfiguration$ParameterNamesModuleConfiguration$$EnhancerBySpringCGLIB$$54af231e] is not eligible for getting processed by all BeanPostProcessors (for example: not eligible for auto-proxying)
[${project.name}][${env:SERVER_PORT}] 2022-05-19 20:13:20,525 INFO [main][PostProcessorRegistrationDelegate.java:330] - Bean 'parameterNamesModule' of type [com.fasterxml.jackson.module.paramnames.ParameterNamesModule] is not eligible for getting processed by all BeanPostProcessors (for example: not eligible for auto-proxying)
[${project.name}][${env:SERVER_PORT}] 2022-05-19 20:13:20,526 INFO [main][PostProcessorRegistrationDelegate.java:330] - Bean 'org.springframework.boot.autoconfigure.jackson.JacksonAutoConfiguration' of type [org.springframework.boot.autoconfigure.jackson.JacksonAutoConfiguration$$EnhancerBySpringCGLIB$$a28ba177] is not eligible for getting processed by all BeanPostProcessors (for example: not eligible for auto-proxying)
[${project.name}][${env:SERVER_PORT}] 2022-05-19 20:13:20,555 INFO [main][PostProcessorRegistrationDelegate.java:330] - Bean 'jsonComponentModule' of type [org.springframework.boot.jackson.JsonComponentModule] is not eligible for getting processed by all BeanPostProcessors (for example: not eligible for auto-proxying)
[${project.name}][${env:SERVER_PORT}] 2022-05-19 20:13:20,556 INFO [main][PostProcessorRegistrationDelegate.java:330] - Bean 'org.springframework.data.web.config.SpringDataJacksonConfiguration' of type [org.springframework.data.web.config.SpringDataJacksonConfiguration] is not eligible for getting processed by all BeanPostProcessors (for example: not eligible for auto-proxying)
[${project.name}][${env:SERVER_PORT}] 2022-05-19 20:13:20,559 INFO [main][PostProcessorRegistrationDelegate.java:330] - Bean 'jacksonGeoModule' of type [org.springframework.data.geo.GeoModule] is not eligible for getting processed by all BeanPostProcessors (for example: not eligible for auto-proxying)
[${project.name}][${env:SERVER_PORT}] 2022-05-19 20:13:20,561 INFO [main][PostProcessorRegistrationDelegate.java:330] - Bean 'jacksonObjectMapperBuilder' of type [org.springframework.http.converter.json.Jackson2ObjectMapperBuilder] is not eligible for getting processed by all BeanPostProcessors (for example: not eligible for auto-proxying)
[${project.name}][${env:SERVER_PORT}] 2022-05-19 20:13:20,577 INFO [main][PostProcessorRegistrationDelegate.java:330] - Bean 'jacksonObjectMapper' of type [com.fasterxml.jackson.databind.ObjectMapper] is not eligible for getting processed by all BeanPostProcessors (for example: not eligible for auto-proxying)
[${project.name}][${env:SERVER_PORT}] 2022-05-19 20:13:20,687 INFO [main][PostProcessorRegistrationDelegate.java:330] - Bean 'rocketMQTemplate' of type [org.apache.rocketmq.spring.core.RocketMQTemplate] is not eligible for getting processed by all BeanPostProcessors (for example: not eligible for auto-proxying)
[${project.name}][${env:SERVER_PORT}] 2022-05-19 20:13:20,688 INFO [main][PostProcessorRegistrationDelegate.java:330] - Bean 'transactionHandlerRegistry' of type [org.apache.rocketmq.spring.config.TransactionHandlerRegistry] is not eligible for getting processed by all BeanPostProcessors (for example: not eligible for auto-proxying)
[${project.name}][${env:SERVER_PORT}] 2022-05-19 20:13:20,741 INFO [main][PostProcessorRegistrationDelegate.java:330] - Bean 'org.springframework.cloud.autoconfigure.ConfigurationPropertiesRebinderAutoConfiguration' of type [org.springframework.cloud.autoconfigure.ConfigurationPropertiesRebinderAutoConfiguration$$EnhancerBySpringCGLIB$$81068754] is not eligible for getting processed by all BeanPostProcessors (for example: not eligible for auto-proxying)
[${project.name}][${env:SERVER_PORT}] 2022-05-19 20:13:20,799 INFO [NettyClientSelector_1][Slf4jLoggerFactory.java:95] - closeChannel: close the connection to remote address[] result: true
[${project.name}][${env:SERVER_PORT}] 2022-05-19 20:13:20,799 INFO [NettyClientSelector_1][Slf4jLoggerFactory.java:95] - closeChannel: close the connection to remote address[] result: true
[${project.name}][${env:SERVER_PORT}] 2022-05-19 20:13:21,028 INFO [main][TomcatWebServer.java:90] - Tomcat initialized with port(s): 53030 (http)
[${project.name}][${env:SERVER_PORT}] 2022-05-19 20:13:21,043 INFO [main][DirectJDKLog.java:173] - Initializing ProtocolHandler ["http-nio-53030"]
[${project.name}][${env:SERVER_PORT}] 2022-05-19 20:13:21,053 INFO [main][DirectJDKLog.java:173] - Starting service [Tomcat]
[${project.name}][${env:SERVER_PORT}] 2022-05-19 20:13:21,054 INFO [main][DirectJDKLog.java:173] - Starting Servlet engine: [Apache Tomcat/9.0.16]
[${project.name}][${env:SERVER_PORT}] 2022-05-19 20:13:21,060 INFO [main][DirectJDKLog.java:173] - The APR based Apache Tomcat Native library which allows optimal performance in production environments was not found on the java.library.path: [/Users/jack/Library/Java/Extensions:/Library/Java/Extensions:/Network/Library/Java/Extensions:/System/Library/Java/Extensions:/usr/lib/java:.]
[${project.name}][${env:SERVER_PORT}] 2022-05-19 20:13:21,250 INFO [main][DirectJDKLog.java:173] - Initializing Spring embedded WebApplicationContext
[${project.name}][${env:SERVER_PORT}] 2022-05-19 20:13:21,250 INFO [main][ServletWebServerApplicationContext.java:296] - Root WebApplicationContext: initialization completed in 2005 ms
[${project.name}][${env:SERVER_PORT}] 2022-05-19 20:13:21,370 WARN [main][URLConfigurationSource.java:121] - No URLs will be polled as dynamic configuration sources.
[${project.name}][${env:SERVER_PORT}] 2022-05-19 20:13:21,370 INFO [main][URLConfigurationSource.java:122] - To enable URLs as dynamic configuration sources, define System property archaius.configurationSource.additionalUrls or make config.properties available on classpath.
[${project.name}][${env:SERVER_PORT}] 2022-05-19 20:13:21,379 INFO [main][DynamicPropertyFactory.java:281] - DynamicPropertyFactory is initialized with configuration sources: com.netflix.config.ConcurrentCompositeConfiguration@5d352de0
[${project.name}][${env:SERVER_PORT}] 2022-05-19 20:13:21,884 WARN [main][URLConfigurationSource.java:121] - No URLs will be polled as dynamic configuration sources.
[${project.name}][${env:SERVER_PORT}] 2022-05-19 20:13:21,884 INFO [main][URLConfigurationSource.java:122] - To enable URLs as dynamic configuration sources, define System property archaius.configurationSource.additionalUrls or make config.properties available on classpath.
[${project.name}][${env:SERVER_PORT}] 2022-05-19 20:13:22,026 INFO [main][ExecutorConfigurationSupport.java:171] - Initializing ExecutorService 'applicationTaskExecutor'
[${project.name}][${env:SERVER_PORT}] 2022-05-19 20:13:22,545 INFO [main][EndpointLinksResolver.java:59] - Exposing 2 endpoint(s) beneath base path '/actuator'
[${project.name}][${env:SERVER_PORT}] 2022-05-19 20:13:22,649 INFO [main][InstanceInfoFactory.java:71] - Setting initial instance status as: STARTING
[${project.name}][${env:SERVER_PORT}] 2022-05-19 20:13:22,682 INFO [main][DiscoveryClient.java:349] - Initializing Eureka in region us-east-1
[${project.name}][${env:SERVER_PORT}] 2022-05-19 20:13:22,909 INFO [main][DiscoveryJerseyProvider.java:70] - Using JSON encoding codec LegacyJacksonJson
[${project.name}][${env:SERVER_PORT}] 2022-05-19 20:13:22,909 INFO [main][DiscoveryJerseyProvider.java:71] - Using JSON decoding codec LegacyJacksonJson
[${project.name}][${env:SERVER_PORT}] 2022-05-19 20:13:23,009 INFO [main][DiscoveryJerseyProvider.java:80] - Using XML encoding codec XStreamXml
[${project.name}][${env:SERVER_PORT}] 2022-05-19 20:13:23,009 INFO [main][DiscoveryJerseyProvider.java:81] - Using XML decoding codec XStreamXml
[${project.name}][${env:SERVER_PORT}] 2022-05-19 20:13:23,333 INFO [main][ConfigClusterResolver.java:43] - Resolving eureka endpoints via configuration
[${project.name}][${env:SERVER_PORT}] 2022-05-19 20:13:23,347 INFO [main][DiscoveryClient.java:958] - Disable delta property : false
[${project.name}][${env:SERVER_PORT}] 2022-05-19 20:13:23,348 INFO [main][DiscoveryClient.java:959] - Single vip registry refresh property : null
[${project.name}][${env:SERVER_PORT}] 2022-05-19 20:13:23,348 INFO [main][DiscoveryClient.java:960] - Force full registry fetch : false
[${project.name}][${env:SERVER_PORT}] 2022-05-19 20:13:23,348 INFO [main][DiscoveryClient.java:961] - Application is null : false
[${project.name}][${env:SERVER_PORT}] 2022-05-19 20:13:23,348 INFO [main][DiscoveryClient.java:962] - Registered Applications size is zero : true
[${project.name}][${env:SERVER_PORT}] 2022-05-19 20:13:23,349 INFO [main][DiscoveryClient.java:964] - Application version is -1: true
[${project.name}][${env:SERVER_PORT}] 2022-05-19 20:13:23,349 INFO [main][DiscoveryClient.java:1047] - Getting all instance registry info from the eureka server
[${project.name}][${env:SERVER_PORT}] 2022-05-19 20:13:23,482 INFO [main][DiscoveryClient.java:1056] - The response status is 200
[${project.name}][${env:SERVER_PORT}] 2022-05-19 20:13:23,484 INFO [main][DiscoveryClient.java:1270] - Starting heartbeat executor: renew interval is: 30
[${project.name}][${env:SERVER_PORT}] 2022-05-19 20:13:23,487 INFO [main][InstanceInfoReplicator.java:60] - InstanceInfoReplicator onDemand update allowed rate per min is 4
[${project.name}][${env:SERVER_PORT}] 2022-05-19 20:13:23,489 INFO [main][DiscoveryClient.java:449] - Discovery Client initialized at timestamp 1652962403489 with initial instances count: 2
[${project.name}][${env:SERVER_PORT}] 2022-05-19 20:13:23,491 INFO [main][EurekaServiceRegistry.java:42] - Registering application ACCOUNT-SERVICE with eureka with status UP
[${project.name}][${env:SERVER_PORT}] 2022-05-19 20:13:23,491 INFO [main][DiscoveryClient.java:1305] - Saw local status change event StatusChangeEvent [timestamp=1652962403491, current=UP, previous=STARTING]
[${project.name}][${env:SERVER_PORT}] 2022-05-19 20:13:23,493 INFO [DiscoveryClient-InstanceInfoReplicator-0][DiscoveryClient.java:826] - DiscoveryClient_ACCOUNT-SERVICE/account-service:10.30.44.208:53030: registering service...
[${project.name}][${env:SERVER_PORT}] 2022-05-19 20:13:23,510 INFO [main][DirectJDKLog.java:173] - Starting ProtocolHandler ["http-nio-53030"]
[${project.name}][${env:SERVER_PORT}] 2022-05-19 20:13:23,533 INFO [main][TomcatWebServer.java:204] - Tomcat started on port(s): 53030 (http) with context path '/account'
[${project.name}][${env:SERVER_PORT}] 2022-05-19 20:13:23,534 INFO [main][EurekaAutoServiceRegistration.java:141] - Updating port to 53030
[${project.name}][${env:SERVER_PORT}] 2022-05-19 20:13:23,537 INFO [main][StartupInfoLogger.java:59] - Started Wanxinp2pAccountServiceApplication in 12.006 seconds (JVM running for 13.583)
[${project.name}][${env:SERVER_PORT}] 2022-05-19 20:13:23,563 INFO [DiscoveryClient-InstanceInfoReplicator-0][DiscoveryClient.java:835] - DiscoveryClient_ACCOUNT-SERVICE/account-service:10.30.44.208:53030 - registration status: 204
[${project.name}][${env:SERVER_PORT}] 2022-05-19 20:13:24,001 INFO [RMI TCP Connection(2)-10.30.44.208][DirectJDKLog.java:173] - Initializing Spring DispatcherServlet 'dispatcherServlet'
[${project.name}][${env:SERVER_PORT}] 2022-05-19 20:13:24,002 INFO [RMI TCP Connection(2)-10.30.44.208][FrameworkServlet.java:524] - Initializing Servlet 'dispatcherServlet'
[${project.name}][${env:SERVER_PORT}] 2022-05-19 20:13:24,012 INFO [RMI TCP Connection(2)-10.30.44.208][FrameworkServlet.java:546] - Completed initialization in 10 ms
[${project.name}][${env:SERVER_PORT}] 2022-05-19 20:13:50,693 INFO [NettyClientSelector_1][Slf4jLoggerFactory.java:95] - closeChannel: close the connection to remote address[] result: true
[${project.name}][${env:SERVER_PORT}] 2022-05-19 20:13:50,699 INFO [NettyClientSelector_1][Slf4jLoggerFactory.java:95] - closeChannel: close the connection to remote address[] result: true
[${project.name}][${env:SERVER_PORT}] 2022-05-19 20:14:20,693 INFO [NettyClientSelector_1][Slf4jLoggerFactory.java:95] - closeChannel: close the connection to remote address[] result: true
[${project.name}][${env:SERVER_PORT}] 2022-05-19 20:14:20,698 INFO [NettyClientSelector_1][Slf4jLoggerFactory.java:95] - closeChannel: close the connection to remote address[] result: true
[${project.name}][${env:SERVER_PORT}] 2022-05-19 20:14:50,691 INFO [NettyClientSelector_1][Slf4jLoggerFactory.java:95] - closeChannel: close the connection to remote address[] result: true
[${project.name}][${env:SERVER_PORT}] 2022-05-19 20:14:50,698 INFO [NettyClientSelector_1][Slf4jLoggerFactory.java:95] - closeChannel: close the connection to remote address[] result: true
[${project.name}][${env:SERVER_PORT}] 2022-05-19 20:15:20,700 INFO [NettyClientSelector_1][Slf4jLoggerFactory.java:95] - closeChannel: close the connection to remote address[] result: true
[${project.name}][${env:SERVER_PORT}] 2022-05-19 20:15:20,703 INFO [NettyClientSelector_1][Slf4jLoggerFactory.java:95] - closeChannel: close the connection to remote address[] result: true
[${project.name}][${env:SERVER_PORT}] 2022-05-19 20:15:50,696 INFO [NettyClientSelector_1][Slf4jLoggerFactory.java:95] - closeChannel: close the connection to remote address[] result: true
[${project.name}][${env:SERVER_PORT}] 2022-05-19 20:15:50,702 INFO [NettyClientSelector_1][Slf4jLoggerFactory.java:95] - closeChannel: close the connection to remote address[] result: true
[${project.name}][${env:SERVER_PORT}] 2022-05-19 20:16:20,692 INFO [NettyClientSelector_1][Slf4jLoggerFactory.java:95] - closeChannel: close the connection to remote address[] result: true
[${project.name}][${env:SERVER_PORT}] 2022-05-19 20:16:20,703 INFO [NettyClientSelector_1][Slf4jLoggerFactory.java:95] - closeChannel: close the connection to remote address[] result: true
[${project.name}][${env:SERVER_PORT}] 2022-05-19 20:16:50,696 INFO [NettyClientSelector_1][Slf4jLoggerFactory.java:95] - closeChannel: close the connection to remote address[] result: true
[${project.name}][${env:SERVER_PORT}] 2022-05-19 20:16:50,703 INFO [NettyClientSelector_1][Slf4jLoggerFactory.java:95] - closeChannel: close the connection to remote address[] result: true
[${project.name}][${env:SERVER_PORT}] 2022-05-19 20:17:24,769 INFO [NettyClientSelector_1][Slf4jLoggerFactory.java:95] - closeChannel: close the connection to remote address[] result: true
[${project.name}][${env:SERVER_PORT}] 2022-05-19 20:17:24,769 INFO [NettyClientSelector_1][Slf4jLoggerFactory.java:95] - closeChannel: close the connection to remote address[] result: true
[${project.name}][${env:SERVER_PORT}] 2022-05-19 20:17:54,445 INFO [NettyClientSelector_1][Slf4jLoggerFactory.java:95] - closeChannel: close the connection to remote address[] result: true
[${project.name}][${env:SERVER_PORT}] 2022-05-19 20:17:54,454 INFO [NettyClientSelector_1][Slf4jLoggerFactory.java:95] - closeChannel: close the connection to remote address[] result: true
[${project.name}][${env:SERVER_PORT}] 2022-05-19 20:18:17,767 WARN [Apollo-RemoteConfigRepository-1][RemoteConfigRepository.java:194] - Load config failed, will retry in 1 SECONDS. appId: account-service, cluster: DEFAULT, namespaces: application
[${project.name}][${env:SERVER_PORT}] 2022-05-19 20:18:18,790 WARN [Apollo-RemoteConfigRepository-1][AbstractConfigRepository.java:26] - Sync config failed, will retry. Repository class com.ctrip.framework.apollo.internals.RemoteConfigRepository, reason: Load Apollo Config failed - appId: account-service, cluster: DEFAULT, namespace: application, url: http://10.30.44.208:8080/configs/account-service/DEFAULT/application?ip=10.30.44.208&messages=%7B%22details%22%3A%7B%22account-service%2Bdefault%2Bapplication%22%3A432%7D%7D [Cause: [status code: 404] Could not find config for namespace - appId: account-service, cluster: DEFAULT, namespace: application, please check whether the configs are released in Apollo!]
[${project.name}][${env:SERVER_PORT}] 2022-05-19 20:18:24,427 INFO [NettyClientSelector_1][Slf4jLoggerFactory.java:95] - closeChannel: close the connection to remote address[] result: true
[${project.name}][${env:SERVER_PORT}] 2022-05-19 20:18:24,430 INFO [NettyClientSelector_1][Slf4jLoggerFactory.java:95] - closeChannel: close the connection to remote address[] result: true
[${project.name}][${env:SERVER_PORT}] 2022-05-19 20:18:27,100 INFO [AsyncResolver-bootstrap-executor-0][ConfigClusterResolver.java:43] - Resolving eureka endpoints via configuration
[${project.name}][${env:SERVER_PORT}] 2022-05-19 20:31:49,527 INFO [NettyClientSelector_1][Slf4jLoggerFactory.java:95] - closeChannel: close the connection to remote address[] result: true
[${project.name}][${env:SERVER_PORT}] 2022-05-19 20:31:49,544 INFO [NettyClientSelector_1][Slf4jLoggerFactory.java:95] - closeChannel: close the connection to remote address[] result: true
