[wanxinp2p-gateway-server][${env:SERVER_PORT}] 2022-05-19 20:00:42,769 INFO [AsyncResolver-bootstrap-executor-0][ConfigClusterResolver.java:43] - Resolving eureka endpoints via configuration
[wanxinp2p-gateway-server][${env:SERVER_PORT}] 2022-05-19 20:05:42,776 INFO [AsyncResolver-bootstrap-executor-0][ConfigClusterResolver.java:43] - Resolving eureka endpoints via configuration
[wanxinp2p-gateway-server][${env:SERVER_PORT}] 2022-05-19 20:10:42,802 INFO [AsyncResolver-bootstrap-executor-0][ConfigClusterResolver.java:43] - Resolving eureka endpoints via configuration
[wanxinp2p-gateway-server][${env:SERVER_PORT}] 2022-05-19 20:15:42,815 INFO [AsyncResolver-bootstrap-executor-0][ConfigClusterResolver.java:43] - Resolving eureka endpoints via configuration
[wanxinp2p-gateway-server][${env:SERVER_PORT}] 2022-05-19 20:15:49,519 WARN [Apollo-RemoteConfigRepository-1][LocalFileConfigRepository.java:239] - Persist local cache file /Users/jack/Documents/alon/wanxin/project/wanxinp2p_apollo/wanxinp2p-gateway-server/target/classes/config-cache/gateway-server+DEFAULT+application.properties failed, reason: /Users/jack/Documents/alon/wanxin/project/wanxinp2p_apollo/wanxinp2p-gateway-server/target/classes/config-cache/gateway-server+DEFAULT+application.properties (No such file or directory).
[wanxinp2p-gateway-server][${env:SERVER_PORT}] 2022-05-19 20:16:39,212 INFO [Thread-23][EurekaServiceRegistry.java:65] - Unregistering application GATEWAY-SERVER with eureka with status DOWN
[wanxinp2p-gateway-server][${env:SERVER_PORT}] 2022-05-19 20:16:39,214 WARN [Thread-23][DiscoveryClient.java:1303] - Saw local status change event StatusChangeEvent [timestamp=1652962599214, current=DOWN, previous=UP]
[wanxinp2p-gateway-server][${env:SERVER_PORT}] 2022-05-19 20:16:39,216 INFO [DiscoveryClient-InstanceInfoReplicator-0][DiscoveryClient.java:826] - DiscoveryClient_GATEWAY-SERVER/gateway-server:10.30.44.208:53010: registering service...
[wanxinp2p-gateway-server][${env:SERVER_PORT}] 2022-05-19 20:16:39,235 INFO [DiscoveryClient-InstanceInfoReplicator-0][DiscoveryClient.java:835] - DiscoveryClient_GATEWAY-SERVER/gateway-server:10.30.44.208:53010 - registration status: 204
[wanxinp2p-gateway-server][${env:SERVER_PORT}] 2022-05-19 20:16:39,254 INFO [Thread-23][ZuulFilterInitializer.java:77] - Stopping filter initializer
[wanxinp2p-gateway-server][${env:SERVER_PORT}] 2022-05-19 20:16:39,269 INFO [Thread-23][ExecutorConfigurationSupport.java:208] - Shutting down ExecutorService 'applicationTaskExecutor'
[wanxinp2p-gateway-server][${env:SERVER_PORT}] 2022-05-19 20:16:40,448 INFO [Thread-23][DiscoveryClient.java:888] - Shutting down DiscoveryClient ...
[wanxinp2p-gateway-server][${env:SERVER_PORT}] 2022-05-19 20:16:43,453 INFO [Thread-23][DiscoveryClient.java:922] - Unregistering ...
[wanxinp2p-gateway-server][${env:SERVER_PORT}] 2022-05-19 20:16:43,533 INFO [Thread-23][DiscoveryClient.java:924] - DiscoveryClient_GATEWAY-SERVER/gateway-server:10.30.44.208:53010 - deregister  status: 200
[wanxinp2p-gateway-server][${env:SERVER_PORT}] 2022-05-19 20:16:43,579 INFO [Thread-23][DiscoveryClient.java:911] - Completed shut down of DiscoveryClient
[wanxinp2p-gateway-server][${env:SERVER_PORT}] 2022-05-19 20:16:48,657 INFO [main][DefaultApplicationProvider.java:85] - App ID is set to gateway-server by app.id property from System Property
[wanxinp2p-gateway-server][${env:SERVER_PORT}] 2022-05-19 20:16:48,665 INFO [main][DefaultServerProvider.java:108] - Environment is set to [dev] by JVM system property 'env'.
[wanxinp2p-gateway-server][${env:SERVER_PORT}] 2022-05-19 20:16:48,695 WARN [main][DefaultMetaServerProvider.java:39] - Could not find meta server address, because it is not available in neither (1) JVM system property 'apollo.meta', (2) OS env variable 'APOLLO_META' (3) property 'apollo.meta' from server.properties nor (4) property 'apollo.meta' from app.properties
[wanxinp2p-gateway-server][${env:SERVER_PORT}] 2022-05-19 20:16:48,699 INFO [main][MetaDomainConsts.java:93] - Located meta server address http://localhost:8080 for env DEV from com.ctrip.framework.apollo.core.internals.LegacyMetaServerProvider
[wanxinp2p-gateway-server][${env:SERVER_PORT}] 2022-05-19 20:16:48,806 INFO [main][SpringApplication.java:675] - No active profile set, falling back to default profiles: default
[wanxinp2p-gateway-server][${env:SERVER_PORT}] 2022-05-19 20:16:49,533 INFO [main][RepositoryConfigurationDelegate.java:244] - Multiple Spring Data modules found, entering strict repository configuration mode!
[wanxinp2p-gateway-server][${env:SERVER_PORT}] 2022-05-19 20:16:49,536 INFO [main][RepositoryConfigurationDelegate.java:126] - Bootstrapping Spring Data repositories in DEFAULT mode.
[wanxinp2p-gateway-server][${env:SERVER_PORT}] 2022-05-19 20:16:49,564 INFO [main][RepositoryConfigurationDelegate.java:182] - Finished Spring Data repository scanning in 14ms. Found 0 repository interfaces.
[wanxinp2p-gateway-server][${env:SERVER_PORT}] 2022-05-19 20:16:49,688 WARN [main][EndpointId.java:135] - Endpoint ID 'service-registry' contains invalid characters, please migrate to a valid format.
[wanxinp2p-gateway-server][${env:SERVER_PORT}] 2022-05-19 20:16:49,704 WARN [main][EndpointId.java:135] - Endpoint ID 'hystrix.stream' contains invalid characters, please migrate to a valid format.
[wanxinp2p-gateway-server][${env:SERVER_PORT}] 2022-05-19 20:16:49,901 INFO [main][ConfigurationClassPostProcessor.java:380] - Cannot enhance @Configuration bean definition 'com.ctrip.framework.apollo.spring.boot.ApolloAutoConfiguration' since its singleton instance has been created too early. The typical cause is a non-static @Bean method with a BeanDefinitionRegistryPostProcessor return type: Consider declaring such methods as 'static'.
[wanxinp2p-gateway-server][${env:SERVER_PORT}] 2022-05-19 20:16:50,065 INFO [main][GenericScope.java:294] - BeanFactory id=96ee8a8f-8cc5-3f1f-be8a-38fc1348fd0f
[wanxinp2p-gateway-server][${env:SERVER_PORT}] 2022-05-19 20:16:50,088 WARN [main][PropertySourcesDeducer.java:75] - Multiple PropertySourcesPlaceholderConfigurer beans registered [propertySourcesPlaceholderConfigurer, org.springframework.context.support.PropertySourcesPlaceholderConfigurer], falling back to Environment
[wanxinp2p-gateway-server][${env:SERVER_PORT}] 2022-05-19 20:16:50,330 INFO [main][PostProcessorRegistrationDelegate.java:330] - Bean 'org.springframework.cloud.autoconfigure.ConfigurationPropertiesRebinderAutoConfiguration' of type [org.springframework.cloud.autoconfigure.ConfigurationPropertiesRebinderAutoConfiguration$$EnhancerBySpringCGLIB$$8b25e346] is not eligible for getting processed by all BeanPostProcessors (for example: not eligible for auto-proxying)
[wanxinp2p-gateway-server][${env:SERVER_PORT}] 2022-05-19 20:16:50,855 INFO [main][TomcatWebServer.java:90] - Tomcat initialized with port(s): 53010 (http)
[wanxinp2p-gateway-server][${env:SERVER_PORT}] 2022-05-19 20:16:50,876 INFO [main][DirectJDKLog.java:173] - Initializing ProtocolHandler ["http-nio-53010"]
[wanxinp2p-gateway-server][${env:SERVER_PORT}] 2022-05-19 20:16:50,888 INFO [main][DirectJDKLog.java:173] - Starting service [Tomcat]
[wanxinp2p-gateway-server][${env:SERVER_PORT}] 2022-05-19 20:16:50,890 INFO [main][DirectJDKLog.java:173] - Starting Servlet engine: [Apache Tomcat/9.0.16]
[wanxinp2p-gateway-server][${env:SERVER_PORT}] 2022-05-19 20:16:50,903 INFO [main][DirectJDKLog.java:173] - The APR based Apache Tomcat Native library which allows optimal performance in production environments was not found on the java.library.path: [/Users/jack/Library/Java/Extensions:/Library/Java/Extensions:/Network/Library/Java/Extensions:/System/Library/Java/Extensions:/usr/lib/java:.]
[wanxinp2p-gateway-server][${env:SERVER_PORT}] 2022-05-19 20:16:51,096 INFO [main][DirectJDKLog.java:173] - Initializing Spring embedded WebApplicationContext
[wanxinp2p-gateway-server][${env:SERVER_PORT}] 2022-05-19 20:16:51,096 INFO [main][ServletWebServerApplicationContext.java:296] - Root WebApplicationContext: initialization completed in 2275 ms
[wanxinp2p-gateway-server][${env:SERVER_PORT}] 2022-05-19 20:16:51,280 WARN [main][URLConfigurationSource.java:121] - No URLs will be polled as dynamic configuration sources.
[wanxinp2p-gateway-server][${env:SERVER_PORT}] 2022-05-19 20:16:51,281 INFO [main][URLConfigurationSource.java:122] - To enable URLs as dynamic configuration sources, define System property archaius.configurationSource.additionalUrls or make config.properties available on classpath.
[wanxinp2p-gateway-server][${env:SERVER_PORT}] 2022-05-19 20:16:51,291 INFO [main][DynamicPropertyFactory.java:281] - DynamicPropertyFactory is initialized with configuration sources: com.netflix.config.ConcurrentCompositeConfiguration@2f054f70
[wanxinp2p-gateway-server][${env:SERVER_PORT}] 2022-05-19 20:16:52,234 WARN [main][URLConfigurationSource.java:121] - No URLs will be polled as dynamic configuration sources.
[wanxinp2p-gateway-server][${env:SERVER_PORT}] 2022-05-19 20:16:52,234 INFO [main][URLConfigurationSource.java:122] - To enable URLs as dynamic configuration sources, define System property archaius.configurationSource.additionalUrls or make config.properties available on classpath.
[wanxinp2p-gateway-server][${env:SERVER_PORT}] 2022-05-19 20:16:52,422 INFO [main][ExecutorConfigurationSupport.java:171] - Initializing ExecutorService 'applicationTaskExecutor'
[wanxinp2p-gateway-server][${env:SERVER_PORT}] 2022-05-19 20:16:53,279 INFO [main][ZuulFilterInitializer.java:65] - Starting filter initializer
[wanxinp2p-gateway-server][${env:SERVER_PORT}] 2022-05-19 20:16:53,307 INFO [main][EndpointLinksResolver.java:59] - Exposing 2 endpoint(s) beneath base path '/actuator'
[wanxinp2p-gateway-server][${env:SERVER_PORT}] 2022-05-19 20:16:53,385 INFO [main][InstanceInfoFactory.java:71] - Setting initial instance status as: STARTING
[wanxinp2p-gateway-server][${env:SERVER_PORT}] 2022-05-19 20:16:53,417 INFO [main][DiscoveryClient.java:349] - Initializing Eureka in region us-east-1
[wanxinp2p-gateway-server][${env:SERVER_PORT}] 2022-05-19 20:16:53,460 INFO [main][DiscoveryJerseyProvider.java:70] - Using JSON encoding codec LegacyJacksonJson
[wanxinp2p-gateway-server][${env:SERVER_PORT}] 2022-05-19 20:16:53,461 INFO [main][DiscoveryJerseyProvider.java:71] - Using JSON decoding codec LegacyJacksonJson
[wanxinp2p-gateway-server][${env:SERVER_PORT}] 2022-05-19 20:16:53,581 INFO [main][DiscoveryJerseyProvider.java:80] - Using XML encoding codec XStreamXml
[wanxinp2p-gateway-server][${env:SERVER_PORT}] 2022-05-19 20:16:53,581 INFO [main][DiscoveryJerseyProvider.java:81] - Using XML decoding codec XStreamXml
[wanxinp2p-gateway-server][${env:SERVER_PORT}] 2022-05-19 20:16:53,963 INFO [main][ConfigClusterResolver.java:43] - Resolving eureka endpoints via configuration
[wanxinp2p-gateway-server][${env:SERVER_PORT}] 2022-05-19 20:16:53,980 INFO [main][DiscoveryClient.java:958] - Disable delta property : false
[wanxinp2p-gateway-server][${env:SERVER_PORT}] 2022-05-19 20:16:53,980 INFO [main][DiscoveryClient.java:959] - Single vip registry refresh property : null
[wanxinp2p-gateway-server][${env:SERVER_PORT}] 2022-05-19 20:16:53,980 INFO [main][DiscoveryClient.java:960] - Force full registry fetch : false
[wanxinp2p-gateway-server][${env:SERVER_PORT}] 2022-05-19 20:16:53,981 INFO [main][DiscoveryClient.java:961] - Application is null : false
[wanxinp2p-gateway-server][${env:SERVER_PORT}] 2022-05-19 20:16:53,981 INFO [main][DiscoveryClient.java:962] - Registered Applications size is zero : true
[wanxinp2p-gateway-server][${env:SERVER_PORT}] 2022-05-19 20:16:53,981 INFO [main][DiscoveryClient.java:964] - Application version is -1: true
[wanxinp2p-gateway-server][${env:SERVER_PORT}] 2022-05-19 20:16:53,981 INFO [main][DiscoveryClient.java:1047] - Getting all instance registry info from the eureka server
[wanxinp2p-gateway-server][${env:SERVER_PORT}] 2022-05-19 20:16:54,123 INFO [main][DiscoveryClient.java:1056] - The response status is 200
[wanxinp2p-gateway-server][${env:SERVER_PORT}] 2022-05-19 20:16:54,127 INFO [main][DiscoveryClient.java:1270] - Starting heartbeat executor: renew interval is: 30
[wanxinp2p-gateway-server][${env:SERVER_PORT}] 2022-05-19 20:16:54,131 INFO [main][InstanceInfoReplicator.java:60] - InstanceInfoReplicator onDemand update allowed rate per min is 4
[wanxinp2p-gateway-server][${env:SERVER_PORT}] 2022-05-19 20:16:54,135 INFO [main][DiscoveryClient.java:449] - Discovery Client initialized at timestamp 1652962614134 with initial instances count: 3
[wanxinp2p-gateway-server][${env:SERVER_PORT}] 2022-05-19 20:16:54,139 INFO [main][EurekaServiceRegistry.java:42] - Registering application GATEWAY-SERVER with eureka with status UP
[wanxinp2p-gateway-server][${env:SERVER_PORT}] 2022-05-19 20:16:54,139 INFO [main][DiscoveryClient.java:1305] - Saw local status change event StatusChangeEvent [timestamp=1652962614139, current=UP, previous=STARTING]
[wanxinp2p-gateway-server][${env:SERVER_PORT}] 2022-05-19 20:16:54,142 INFO [DiscoveryClient-InstanceInfoReplicator-0][DiscoveryClient.java:826] - DiscoveryClient_GATEWAY-SERVER/gateway-server:10.30.44.208:53010: registering service...
[wanxinp2p-gateway-server][${env:SERVER_PORT}] 2022-05-19 20:16:54,162 INFO [main][DirectJDKLog.java:173] - Starting ProtocolHandler ["http-nio-53010"]
[wanxinp2p-gateway-server][${env:SERVER_PORT}] 2022-05-19 20:16:54,178 INFO [DiscoveryClient-InstanceInfoReplicator-0][DiscoveryClient.java:835] - DiscoveryClient_GATEWAY-SERVER/gateway-server:10.30.44.208:53010 - registration status: 204
[wanxinp2p-gateway-server][${env:SERVER_PORT}] 2022-05-19 20:16:54,194 INFO [main][TomcatWebServer.java:204] - Tomcat started on port(s): 53010 (http) with context path ''
[wanxinp2p-gateway-server][${env:SERVER_PORT}] 2022-05-19 20:16:54,195 INFO [main][EurekaAutoServiceRegistration.java:141] - Updating port to 53010
[wanxinp2p-gateway-server][${env:SERVER_PORT}] 2022-05-19 20:16:54,198 INFO [main][StartupInfoLogger.java:59] - Started GatewayServer in 6.963 seconds (JVM running for 8.026)
[wanxinp2p-gateway-server][${env:SERVER_PORT}] 2022-05-19 20:16:54,329 INFO [RMI TCP Connection(3)-10.30.44.208][DirectJDKLog.java:173] - Initializing Spring DispatcherServlet 'dispatcherServlet'
[wanxinp2p-gateway-server][${env:SERVER_PORT}] 2022-05-19 20:16:54,330 INFO [RMI TCP Connection(3)-10.30.44.208][FrameworkServlet.java:524] - Initializing Servlet 'dispatcherServlet'
[wanxinp2p-gateway-server][${env:SERVER_PORT}] 2022-05-19 20:16:54,340 INFO [RMI TCP Connection(3)-10.30.44.208][FrameworkServlet.java:546] - Completed initialization in 10 ms
[wanxinp2p-gateway-server][${env:SERVER_PORT}] 2022-05-19 20:16:54,451 INFO [RMI TCP Connection(2)-10.30.44.208][EpollProvider.java:68] - Starting without optional epoll library
[wanxinp2p-gateway-server][${env:SERVER_PORT}] 2022-05-19 20:16:54,453 INFO [RMI TCP Connection(2)-10.30.44.208][KqueueProvider.java:70] - Starting without optional kqueue library
[wanxinp2p-gateway-server][${env:SERVER_PORT}] 2022-05-19 20:17:03,494 INFO [http-nio-53010-exec-1][ChainedDynamicProperty.java:115] - Flipping property: account-service.ribbon.ActiveConnectionsLimit to use NEXT property: niws.loadbalancer.availabilityFilteringRule.activeConnectionsLimit = 2147483647
[wanxinp2p-gateway-server][${env:SERVER_PORT}] 2022-05-19 20:17:03,510 INFO [http-nio-53010-exec-1][ShutdownEnabledTimer.java:58] - Shutdown hook installed for: NFLoadBalancer-PingTimer-account-service
[wanxinp2p-gateway-server][${env:SERVER_PORT}] 2022-05-19 20:17:03,510 INFO [http-nio-53010-exec-1][BaseLoadBalancer.java:197] - Client: account-service instantiated a LoadBalancer: DynamicServerListLoadBalancer:{NFLoadBalancer:name=account-service,current list of Servers=[],Load balancer stats=Zone stats: {},Server stats: []}ServerList:null
[wanxinp2p-gateway-server][${env:SERVER_PORT}] 2022-05-19 20:17:03,517 INFO [http-nio-53010-exec-1][DynamicServerListLoadBalancer.java:222] - Using serverListUpdater PollingServerListUpdater
[wanxinp2p-gateway-server][${env:SERVER_PORT}] 2022-05-19 20:17:03,531 INFO [http-nio-53010-exec-1][ChainedDynamicProperty.java:115] - Flipping property: account-service.ribbon.ActiveConnectionsLimit to use NEXT property: niws.loadbalancer.availabilityFilteringRule.activeConnectionsLimit = 2147483647
[wanxinp2p-gateway-server][${env:SERVER_PORT}] 2022-05-19 20:17:03,533 INFO [http-nio-53010-exec-1][DynamicServerListLoadBalancer.java:150] - DynamicServerListLoadBalancer for client account-service initialized: DynamicServerListLoadBalancer:{NFLoadBalancer:name=account-service,current list of Servers=[10.30.44.208:53030],Load balancer stats=Zone stats: {defaultzone=[Zone:defaultzone;	Instance count:1;	Active connections count: 0;	Circuit breaker tripped count: 0;	Active connections per server: 0.0;]
},Server stats: [[Server:10.30.44.208:53030;	Zone:defaultZone;	Total Requests:0;	Successive connection failure:0;	Total blackout seconds:0;	Last connection made:Thu Jan 01 08:00:00 CST 1970;	First connection made: Thu Jan 01 08:00:00 CST 1970;	Active Connections:0;	total failure count in last (1000) msecs:0;	average resp time:0.0;	90 percentile resp time:0.0;	95 percentile resp time:0.0;	min resp time:0.0;	max resp time:0.0;	stddev resp time:0.0]
]}ServerList:org.springframework.cloud.netflix.ribbon.eureka.DomainExtractingServerList@42a2d446
[wanxinp2p-gateway-server][${env:SERVER_PORT}] 2022-05-19 20:17:04,524 INFO [PollingServerListUpdater-0][ChainedDynamicProperty.java:115] - Flipping property: account-service.ribbon.ActiveConnectionsLimit to use NEXT property: niws.loadbalancer.availabilityFilteringRule.activeConnectionsLimit = 2147483647
[wanxinp2p-gateway-server][${env:SERVER_PORT}] 2022-05-19 20:31:53,072 INFO [DiscoveryClient-HeartbeatExecutor-0][DiscoveryClient.java:850] - DiscoveryClient_GATEWAY-SERVER/gateway-server:10.30.44.208:53010 - Re-registering apps/GATEWAY-SERVER
[wanxinp2p-gateway-server][${env:SERVER_PORT}] 2022-05-19 20:31:53,079 INFO [DiscoveryClient-HeartbeatExecutor-0][DiscoveryClient.java:826] - DiscoveryClient_GATEWAY-SERVER/gateway-server:10.30.44.208:53010: registering service...
[wanxinp2p-gateway-server][${env:SERVER_PORT}] 2022-05-19 20:31:53,110 INFO [DiscoveryClient-HeartbeatExecutor-0][DiscoveryClient.java:835] - DiscoveryClient_GATEWAY-SERVER/gateway-server:10.30.44.208:53010 - registration status: 204
